Using worker: worker-linux-6-2.bb.travis-ci.org:travis-linux-15

travis_fold:start:git.1
$ git clone --depth=50 git://github.com/mybatis/mybatis-3.git mybatis/mybatis-3
Cloning into 'mybatis/mybatis-3'...
remote: Counting objects: 2496, done.[K
remote: Compressing objects:   0% (1/1141)   [K
remote: Compressing objects:   1% (12/1141)   [K
remote: Compressing objects:   2% (23/1141)   [K
remote: Compressing objects:   3% (35/1141)   [K
remote: Compressing objects:   4% (46/1141)   [K
remote: Compressing objects:   5% (58/1141)   [K
remote: Compressing objects:   6% (69/1141)   [K
remote: Compressing objects:   7% (80/1141)   [K
remote: Compressing objects:   8% (92/1141)   [K
remote: Compressing objects:   9% (103/1141)   [K
remote: Compressing objects:  10% (115/1141)   [K
remote: Compressing objects:  11% (126/1141)   [K
remote: Compressing objects:  12% (137/1141)   [K
remote: Compressing objects:  13% (149/1141)   [K
remote: Compressing objects:  14% (160/1141)   [K
remote: Compressing objects:  15% (172/1141)   [K
remote: Compressing objects:  16% (183/1141)   [K
remote: Compressing objects:  17% (194/1141)   [K
remote: Compressing objects:  18% (206/1141)   [K
remote: Compressing objects:  19% (217/1141)   [K
remote: Compressing objects:  20% (229/1141)   [K
remote: Compressing objects:  21% (240/1141)   [K
remote: Compressing objects:  22% (252/1141)   [K
remote: Compressing objects:  23% (263/1141)   [K
remote: Compressing objects:  24% (274/1141)   [K
remote: Compressing objects:  25% (286/1141)   [K
remote: Compressing objects:  26% (297/1141)   [K
remote: Compressing objects:  27% (309/1141)   [K
remote: Compressing objects:  28% (320/1141)   [K
remote: Compressing objects:  29% (331/1141)   [K
remote: Compressing objects:  30% (343/1141)   [K
remote: Compressing objects:  31% (354/1141)   [K
remote: Compressing objects:  32% (366/1141)   [K
remote: Compressing objects:  33% (377/1141)   [K
remote: Compressing objects:  34% (388/1141)   [K
remote: Compressing objects:  35% (400/1141)   [K
remote: Compressing objects:  36% (411/1141)   [K
remote: Compressing objects:  37% (423/1141)   [K
remote: Compressing objects:  38% (434/1141)   [K
remote: Compressing objects:  39% (445/1141)   [K
remote: Compressing objects:  40% (457/1141)   [K
remote: Compressing objects:  41% (468/1141)   [K
remote: Compressing objects:  42% (480/1141)   [K
remote: Compressing objects:  43% (491/1141)   [K
remote: Compressing objects:  44% (503/1141)   [K
remote: Compressing objects:  45% (514/1141)   [K
remote: Compressing objects:  46% (525/1141)   [K
remote: Compressing objects:  47% (537/1141)   [K
remote: Compressing objects:  48% (548/1141)   [K
remote: Compressing objects:  49% (560/1141)   [K
remote: Compressing objects:  50% (571/1141)   [K
remote: Compressing objects:  51% (582/1141)   [K
remote: Compressing objects:  52% (594/1141)   [K
remote: Compressing objects:  53% (605/1141)   [K
remote: Compressing objects:  54% (617/1141)   [K
remote: Compressing objects:  55% (628/1141)   [K
remote: Compressing objects:  56% (639/1141)   [K
remote: Compressing objects:  57% (651/1141)   [K
remote: Compressing objects:  58% (662/1141)   [K
remote: Compressing objects:  59% (674/1141)   [K
remote: Compressing objects:  60% (685/1141)   [K
remote: Compressing objects:  61% (697/1141)   [K
remote: Compressing objects:  62% (708/1141)   [K
remote: Compressing objects:  63% (719/1141)   [K
remote: Compressing objects:  64% (731/1141)   [K
remote: Compressing objects:  65% (742/1141)   [K
remote: Compressing objects:  66% (754/1141)   [K
remote: Compressing objects:  67% (765/1141)   [K
remote: Compressing objects:  68% (776/1141)   [K
remote: Compressing objects:  69% (788/1141)   [K
remote: Compressing objects:  70% (799/1141)   [K
remote: Compressing objects:  71% (811/1141)   [K
remote: Compressing objects:  72% (822/1141)   [K
remote: Compressing objects:  73% (833/1141)   [K
remote: Compressing objects:  74% (845/1141)   [K
remote: Compressing objects:  75% (856/1141)   [K
remote: Compressing objects:  76% (868/1141)   [K
remote: Compressing objects:  77% (879/1141)   [K
remote: Compressing objects:  78% (890/1141)   [K
remote: Compressing objects:  79% (902/1141)   [K
remote: Compressing objects:  80% (913/1141)   [K
remote: Compressing objects:  81% (925/1141)   [K
remote: Compressing objects:  82% (936/1141)   [K
remote: Compressing objects:  83% (948/1141)   [K
remote: Compressing objects:  84% (959/1141)   [K
remote: Compressing objects:  85% (970/1141)   [K
remote: Compressing objects:  86% (982/1141)   [K
remote: Compressing objects:  87% (993/1141)   [K
remote: Compressing objects:  88% (1005/1141)   [K
remote: Compressing objects:  89% (1016/1141)   [K
remote: Compressing objects:  90% (1027/1141)   [K
remote: Compressing objects:  91% (1039/1141)   [K
remote: Compressing objects:  92% (1050/1141)   [K
remote: Compressing objects:  93% (1062/1141)   [K
remote: Compressing objects:  94% (1073/1141)   [K
remote: Compressing objects:  95% (1084/1141)   [K
remote: Compressing objects:  96% (1096/1141)   [K
remote: Compressing objects:  97% (1107/1141)   [K
remote: Compressing objects:  98% (1119/1141)   [K
remote: Compressing objects:  99% (1130/1141)   [K
remote: Compressing objects: 100% (1141/1141)   [K
remote: Compressing objects: 100% (1141/1141), done.[K
Receiving objects:   0% (1/2496)
Receiving objects:   1% (25/2496)
Receiving objects:   2% (50/2496)
Receiving objects:   3% (75/2496)
Receiving objects:   4% (100/2496)
Receiving objects:   5% (125/2496)
Receiving objects:   6% (150/2496)
Receiving objects:   7% (175/2496)
Receiving objects:   8% (200/2496)
Receiving objects:   9% (225/2496)
Receiving objects:  10% (250/2496)
Receiving objects:  11% (275/2496)
Receiving objects:  12% (300/2496)
Receiving objects:  13% (325/2496)
Receiving objects:  14% (350/2496)
Receiving objects:  15% (375/2496)
Receiving objects:  16% (400/2496)
Receiving objects:  17% (425/2496)
Receiving objects:  18% (450/2496)
Receiving objects:  19% (475/2496)
Receiving objects:  20% (500/2496)
Receiving objects:  21% (525/2496)
Receiving objects:  22% (550/2496)
Receiving objects:  23% (575/2496), 404.00 KiB | 726 KiB/s
Receiving objects:  24% (600/2496), 404.00 KiB | 726 KiB/s
Receiving objects:  25% (624/2496), 404.00 KiB | 726 KiB/s
Receiving objects:  26% (649/2496), 404.00 KiB | 726 KiB/s
Receiving objects:  27% (674/2496), 404.00 KiB | 726 KiB/s
Receiving objects:  28% (699/2496), 404.00 KiB | 726 KiB/s
Receiving objects:  29% (724/2496), 404.00 KiB | 726 KiB/s
Receiving objects:  30% (749/2496), 404.00 KiB | 726 KiB/s
Receiving objects:  31% (774/2496), 404.00 KiB | 726 KiB/s
Receiving objects:  32% (799/2496), 404.00 KiB | 726 KiB/s
Receiving objects:  33% (824/2496), 404.00 KiB | 726 KiB/s
Receiving objects:  34% (849/2496), 404.00 KiB | 726 KiB/s
Receiving objects:  35% (874/2496), 404.00 KiB | 726 KiB/s
Receiving objects:  36% (899/2496), 404.00 KiB | 726 KiB/s
Receiving objects:  37% (924/2496), 404.00 KiB | 726 KiB/s
Receiving objects:  38% (949/2496), 404.00 KiB | 726 KiB/s
Receiving objects:  39% (974/2496), 404.00 KiB | 726 KiB/s
Receiving objects:  40% (999/2496), 404.00 KiB | 726 KiB/s
Receiving objects:  41% (1024/2496), 404.00 KiB | 726 KiB/s
Receiving objects:  42% (1049/2496), 404.00 KiB | 726 KiB/s
Receiving objects:  43% (1074/2496), 404.00 KiB | 726 KiB/s
Receiving objects:  44% (1099/2496), 404.00 KiB | 726 KiB/s
Receiving objects:  45% (1124/2496), 404.00 KiB | 726 KiB/s
Receiving objects:  46% (1149/2496), 404.00 KiB | 726 KiB/s
Receiving objects:  47% (1174/2496), 404.00 KiB | 726 KiB/s
Receiving objects:  48% (1199/2496), 404.00 KiB | 726 KiB/s
Receiving objects:  49% (1224/2496), 404.00 KiB | 726 KiB/s
Receiving objects:  50% (1248/2496), 404.00 KiB | 726 KiB/s
Receiving objects:  51% (1273/2496), 404.00 KiB | 726 KiB/s
Receiving objects:  52% (1298/2496), 404.00 KiB | 726 KiB/s
Receiving objects:  53% (1323/2496), 404.00 KiB | 726 KiB/s
Receiving objects:  54% (1348/2496), 404.00 KiB | 726 KiB/s
Receiving objects:  55% (1373/2496), 404.00 KiB | 726 KiB/s
Receiving objects:  56% (1398/2496), 404.00 KiB | 726 KiB/s
Receiving objects:  57% (1423/2496), 404.00 KiB | 726 KiB/s
Receiving objects:  58% (1448/2496), 404.00 KiB | 726 KiB/s
Receiving objects:  59% (1473/2496), 404.00 KiB | 726 KiB/s
Receiving objects:  60% (1498/2496), 404.00 KiB | 726 KiB/s
Receiving objects:  61% (1523/2496), 404.00 KiB | 726 KiB/s
Receiving objects:  62% (1548/2496), 404.00 KiB | 726 KiB/s
Receiving objects:  63% (1573/2496), 404.00 KiB | 726 KiB/s
Receiving objects:  64% (1598/2496), 404.00 KiB | 726 KiB/s
Receiving objects:  65% (1623/2496), 404.00 KiB | 726 KiB/s
Receiving objects:  66% (1648/2496), 404.00 KiB | 726 KiB/s
Receiving objects:  67% (1673/2496), 404.00 KiB | 726 KiB/s
Receiving objects:  68% (1698/2496), 404.00 KiB | 726 KiB/s
Receiving objects:  69% (1723/2496), 404.00 KiB | 726 KiB/s
Receiving objects:  70% (1748/2496), 404.00 KiB | 726 KiB/s
Receiving objects:  71% (1773/2496), 404.00 KiB | 726 KiB/s
Receiving objects:  72% (1798/2496), 404.00 KiB | 726 KiB/s
Receiving objects:  73% (1823/2496), 404.00 KiB | 726 KiB/s
Receiving objects:  74% (1848/2496), 404.00 KiB | 726 KiB/s
Receiving objects:  75% (1872/2496), 404.00 KiB | 726 KiB/s
Receiving objects:  76% (1897/2496), 404.00 KiB | 726 KiB/s
Receiving objects:  77% (1922/2496), 404.00 KiB | 726 KiB/s
Receiving objects:  78% (1947/2496), 404.00 KiB | 726 KiB/s
Receiving objects:  79% (1972/2496), 404.00 KiB | 726 KiB/s
Receiving objects:  80% (1997/2496), 404.00 KiB | 726 KiB/s
Receiving objects:  81% (2022/2496), 404.00 KiB | 726 KiB/s
Receiving objects:  82% (2047/2496), 404.00 KiB | 726 KiB/s
Receiving objects:  83% (2072/2496), 404.00 KiB | 726 KiB/s
Receiving objects:  84% (2097/2496), 404.00 KiB | 726 KiB/s
Receiving objects:  85% (2122/2496), 404.00 KiB | 726 KiB/s
Receiving objects:  86% (2147/2496), 404.00 KiB | 726 KiB/s
Receiving objects:  87% (2172/2496), 404.00 KiB | 726 KiB/s
Receiving objects:  88% (2197/2496), 404.00 KiB | 726 KiB/s
Receiving objects:  89% (2222/2496), 404.00 KiB | 726 KiB/s
Receiving objects:  90% (2247/2496), 404.00 KiB | 726 KiB/s
remote: Total 2496 (delta 1387), reused 2117 (delta 1105)[K
Receiving objects:  91% (2272/2496), 404.00 KiB | 726 KiB/s
Receiving objects:  92% (2297/2496), 404.00 KiB | 726 KiB/s
Receiving objects:  93% (2322/2496), 404.00 KiB | 726 KiB/s
Receiving objects:  94% (2347/2496), 404.00 KiB | 726 KiB/s
Receiving objects:  95% (2372/2496), 404.00 KiB | 726 KiB/s
Receiving objects:  96% (2397/2496), 404.00 KiB | 726 KiB/s
Receiving objects:  97% (2422/2496), 404.00 KiB | 726 KiB/s
Receiving objects:  98% (2447/2496), 404.00 KiB | 726 KiB/s
Receiving objects:  99% (2472/2496), 404.00 KiB | 726 KiB/s
Receiving objects: 100% (2496/2496), 404.00 KiB | 726 KiB/s
Receiving objects: 100% (2496/2496), 1.20 MiB | 726 KiB/s, done.
Resolving deltas:   0% (0/1387)
Resolving deltas:   3% (52/1387)
Resolving deltas:   5% (83/1387)
Resolving deltas:   6% (92/1387)
Resolving deltas:   7% (100/1387)
Resolving deltas:   8% (113/1387)
Resolving deltas:   9% (125/1387)
Resolving deltas:  10% (143/1387)
Resolving deltas:  11% (159/1387)
Resolving deltas:  13% (182/1387)
Resolving deltas:  14% (196/1387)
Resolving deltas:  15% (209/1387)
Resolving deltas:  16% (226/1387)
Resolving deltas:  17% (237/1387)
Resolving deltas:  18% (250/1387)
Resolving deltas:  19% (273/1387)
Resolving deltas:  20% (280/1387)
Resolving deltas:  21% (292/1387)
Resolving deltas:  22% (310/1387)
Resolving deltas:  23% (322/1387)
Resolving deltas:  24% (335/1387)
Resolving deltas:  25% (351/1387)
Resolving deltas:  26% (362/1387)
Resolving deltas:  27% (376/1387)
Resolving deltas:  28% (389/1387)
Resolving deltas:  29% (404/1387)
Resolving deltas:  30% (417/1387)
Resolving deltas:  31% (436/1387)
Resolving deltas:  32% (445/1387)
Resolving deltas:  33% (458/1387)
Resolving deltas:  34% (473/1387)
Resolving deltas:  35% (498/1387)
Resolving deltas:  36% (503/1387)
Resolving deltas:  37% (518/1387)
Resolving deltas:  38% (531/1387)
Resolving deltas:  39% (541/1387)
Resolving deltas:  40% (555/1387)
Resolving deltas:  41% (569/1387)
Resolving deltas:  42% (590/1387)
Resolving deltas:  43% (597/1387)
Resolving deltas:  44% (618/1387)
Resolving deltas:  45% (625/1387)
Resolving deltas:  46% (644/1387)
Resolving deltas:  47% (652/1387)
Resolving deltas:  48% (667/1387)
Resolving deltas:  49% (685/1387)
Resolving deltas:  50% (695/1387)
Resolving deltas:  51% (708/1387)
Resolving deltas:  52% (722/1387)
Resolving deltas:  53% (736/1387)
Resolving deltas:  54% (751/1387)
Resolving deltas:  55% (763/1387)
Resolving deltas:  56% (778/1387)
Resolving deltas:  57% (795/1387)
Resolving deltas:  58% (809/1387)
Resolving deltas:  59% (823/1387)
Resolving deltas:  60% (833/1387)
Resolving deltas:  63% (877/1387)
Resolving deltas:  64% (899/1387)
Resolving deltas:  65% (913/1387)
Resolving deltas:  66% (917/1387)
Resolving deltas:  68% (955/1387)
Resolving deltas:  69% (964/1387)
Resolving deltas:  71% (991/1387)
Resolving deltas:  72% (1006/1387)
Resolving deltas:  73% (1013/1387)
Resolving deltas:  74% (1027/1387)
Resolving deltas:  75% (1043/1387)
Resolving deltas:  76% (1056/1387)
Resolving deltas:  78% (1088/1387)
Resolving deltas:  79% (1100/1387)
Resolving deltas:  80% (1115/1387)
Resolving deltas:  81% (1130/1387)
Resolving deltas:  82% (1146/1387)
Resolving deltas:  84% (1169/1387)
Resolving deltas:  85% (1185/1387)
Resolving deltas:  86% (1200/1387)
Resolving deltas:  87% (1213/1387)
Resolving deltas:  88% (1229/1387)
Resolving deltas:  89% (1238/1387)
Resolving deltas:  90% (1254/1387)
Resolving deltas:  91% (1272/1387)
Resolving deltas:  92% (1280/1387)
Resolving deltas:  93% (1290/1387)
Resolving deltas:  94% (1305/1387)
Resolving deltas:  95% (1319/1387)
Resolving deltas:  96% (1332/1387)
Resolving deltas:  97% (1348/1387)
Resolving deltas:  98% (1369/1387)
Resolving deltas:  99% (1374/1387)
Resolving deltas: 100% (1387/1387)
Resolving deltas: 100% (1387/1387), done.
travis_fold:end:git.1
$ cd mybatis/mybatis-3
travis_fold:start:git.2
$ git fetch origin +refs/pull/27/merge:
remote: Counting objects: 74, done.[K
remote: Compressing objects:  20% (1/5)   [K
remote: Compressing objects:  40% (2/5)   [K
remote: Compressing objects:  60% (3/5)   [K
remote: Compressing objects:  80% (4/5)   [K
remote: Compressing objects: 100% (5/5)   [K
remote: Compressing objects: 100% (5/5), done.[K
remote: Total 40 (delta 29), reused 38 (delta 28)[K
Unpacking objects:   2% (1/40)
Unpacking objects:   5% (2/40)
Unpacking objects:   7% (3/40)
Unpacking objects:  10% (4/40)
Unpacking objects:  12% (5/40)
Unpacking objects:  15% (6/40)
Unpacking objects:  17% (7/40)
Unpacking objects:  20% (8/40)
Unpacking objects:  22% (9/40)
Unpacking objects:  25% (10/40)
Unpacking objects:  27% (11/40)
Unpacking objects:  30% (12/40)
Unpacking objects:  32% (13/40)
Unpacking objects:  35% (14/40)
Unpacking objects:  37% (15/40)
Unpacking objects:  40% (16/40)
Unpacking objects:  42% (17/40)
Unpacking objects:  45% (18/40)
Unpacking objects:  47% (19/40)
Unpacking objects:  50% (20/40)
Unpacking objects:  52% (21/40)
Unpacking objects:  55% (22/40)
Unpacking objects:  57% (23/40)
Unpacking objects:  60% (24/40)
Unpacking objects:  62% (25/40)
Unpacking objects:  65% (26/40)
Unpacking objects:  67% (27/40)
Unpacking objects:  70% (28/40)
Unpacking objects:  72% (29/40)
Unpacking objects:  75% (30/40)
Unpacking objects:  77% (31/40)
Unpacking objects:  80% (32/40)
Unpacking objects:  82% (33/40)
Unpacking objects:  85% (34/40)
Unpacking objects:  87% (35/40)
Unpacking objects:  90% (36/40)
Unpacking objects:  92% (37/40)
Unpacking objects:  95% (38/40)
Unpacking objects:  97% (39/40)
Unpacking objects: 100% (40/40)
Unpacking objects: 100% (40/40), done.
From git://github.com/mybatis/mybatis-3
 * branch            refs/pull/27/merge -> FETCH_HEAD
travis_fold:end:git.2
travis_fold:start:git.3
$ git checkout -qf FETCH_HEAD
travis_fold:end:git.3
$ jdk_switcher use openjdk7
Switching to OpenJDK7 (java-1.7.0-openjdk-amd64), JAVA_HOME will be set to /usr/lib/jvm/java-7-openjdk-amd64
update-alternatives: error: no alternatives for apt.
update-alternatives: error: no alternatives for mozilla-javaplugin.so.
update-java-alternatives: plugin alternative does not exist: /usr/lib/jvm/java-7-openjdk-amd64/jre/lib/amd64/IcedTeaPlugin.so
$ java -version
java version "1.7.0_15"
OpenJDK Runtime Environment (IcedTea7 2.3.7) (7u15-2.3.7-0ubuntu1~12.04.1)
OpenJDK 64-Bit Server VM (build 23.7-b01, mixed mode)
$ javac -version
javac 1.7.0_15
travis_fold:start:install
$ mvn install --quiet -DskipTests=true
travis_fold:end:install
$ mvn test
[INFO] Scanning for projects...
[WARNING]
[WARNING] Some problems were encountered while building the effective model for org.mybatis:mybatis:jar:3.2.3-SNAPSHOT
[WARNING] 'reporting.plugins.plugin.version' for org.codehaus.mojo:cobertura-maven-plugin is missing. @ line 335, column 15
[WARNING]
[WARNING] It is highly recommended to fix these problems because they threaten the stability of your build.
[WARNING]
[WARNING] For this reason, future Maven versions might no longer support building such malformed projects.
[WARNING]
[INFO]
[INFO] ------------------------------------------------------------------------
[INFO] Building MyBatis 3.2.3-SNAPSHOT
[INFO] ------------------------------------------------------------------------
[INFO]
[INFO] --- maven-enforcer-plugin:1.2:enforce (enforce-java) @ mybatis ---
[INFO]
[INFO] --- maven-resources-plugin:2.6:resources (default-resources) @ mybatis ---
[INFO] Using 'UTF-8' encoding to copy filtered resources.
[INFO] Copying 2 resources to META-INF
[INFO] Copying 2 resources
[INFO]
[INFO] --- maven-compiler-plugin:3.0:compile (default-compile) @ mybatis ---
[INFO] Changes detected - recompiling the module!
[INFO] Compiling 331 source files to /home/travis/build/mybatis/mybatis-3/target/classes
[WARNING] /home/travis/build/mybatis/mybatis-3/src/main/java/org/apache/ibatis/binding/MapperMethod.java: /home/travis/build/mybatis/mybatis-3/src/main/java/org/apache/ibatis/binding/MapperMethod.java uses or overrides a deprecated API.
[WARNING] /home/travis/build/mybatis/mybatis-3/src/main/java/org/apache/ibatis/binding/MapperMethod.java: Recompile with -Xlint:deprecation for details.
[WARNING] /home/travis/build/mybatis/mybatis-3/src/main/java/org/apache/ibatis/type/TypeHandlerRegistry.java: Some input files use unchecked or unsafe operations.
[WARNING] /home/travis/build/mybatis/mybatis-3/src/main/java/org/apache/ibatis/type/TypeHandlerRegistry.java: Recompile with -Xlint:unchecked for details.
[INFO]
[INFO] --- jarjar-maven-plugin:1.7:jarjar (jarjar-classes) @ mybatis ---
[INFO] Already processed
[INFO]
[INFO] --- animal-sniffer-maven-plugin:1.9:check (check-java-1.5-compat) @ mybatis ---
[INFO] Checking unresolved references to org.codehaus.mojo.signature:java15:1.0
[INFO]
[INFO] --- maven-bundle-plugin:2.3.7:manifest (bundle-manifest) @ mybatis ---
[INFO]
[INFO] --- maven-resources-plugin:2.6:testResources (default-testResources) @ mybatis ---
[INFO] Using 'UTF-8' encoding to copy filtered resources.
[INFO] Copying 401 resources
[INFO]
[INFO] --- maven-compiler-plugin:3.0:testCompile (default-testCompile) @ mybatis ---
[INFO] Changes detected - recompiling the module!
[INFO] Compiling 725 source files to /home/travis/build/mybatis/mybatis-3/target/test-classes
[WARNING] /home/travis/build/mybatis/mybatis-3/src/test/java/org/apache/ibatis/submitted/complex_property/ComponentTest.java: Some input files use or override a deprecated API.
[WARNING] /home/travis/build/mybatis/mybatis-3/src/test/java/org/apache/ibatis/submitted/complex_property/ComponentTest.java: Recompile with -Xlint:deprecation for details.
[WARNING] /home/travis/build/mybatis/mybatis-3/src/test/java/com/ibatis/sqlmap/engine/mapping/sql/dynamic/elements/ConditionalTagHandler.java: Some input files use unchecked or unsafe operations.
[WARNING] /home/travis/build/mybatis/mybatis-3/src/test/java/com/ibatis/sqlmap/engine/mapping/sql/dynamic/elements/ConditionalTagHandler.java: Recompile with -Xlint:unchecked for details.
[INFO]
[INFO] --- maven-surefire-plugin:2.13:test (default-test) @ mybatis ---
[INFO] Surefire report directory: /home/travis/build/mybatis/mybatis-3/target/surefire-reports
Downloading: http://maven.mirrors.travis-ci.org/nexus/content/repositories/central/org/apache/maven/surefire/surefire-junit4/2.13/surefire-junit4-2.13.pom
3/3 KB

Downloaded: http://maven.mirrors.travis-ci.org/nexus/content/repositories/central/org/apache/maven/surefire/surefire-junit4/2.13/surefire-junit4-2.13.pom (3 KB at 4.0 KB/sec)
Downloading: http://maven.mirrors.travis-ci.org/nexus/content/repositories/central/org/apache/maven/surefire/surefire-providers/2.13/surefire-providers-2.13.pom
3/3 KB

Downloaded: http://maven.mirrors.travis-ci.org/nexus/content/repositories/central/org/apache/maven/surefire/surefire-providers/2.13/surefire-providers-2.13.pom (3 KB at 7.2 KB/sec)
Downloading: http://maven.mirrors.travis-ci.org/nexus/content/repositories/central/org/apache/maven/surefire/surefire-junit4/2.13/surefire-junit4-2.13.jar
4/78 KB
8/78 KB
12/78 KB
16/78 KB
20/78 KB
22/78 KB
26/78 KB
30/78 KB
34/78 KB
38/78 KB
41/78 KB
45/78 KB
49/78 KB
53/78 KB
57/78 KB
60/78 KB
64/78 KB
68/78 KB
72/78 KB
76/78 KB
78/78 KB

Downloaded: http://maven.mirrors.travis-ci.org/nexus/content/repositories/central/org/apache/maven/surefire/surefire-junit4/2.13/surefire-junit4-2.13.jar (78 KB at 104.4 KB/sec)

-------------------------------------------------------
 T E S T S
-------------------------------------------------------

-------------------------------------------------------
 T E S T S
-------------------------------------------------------
Running org.apache.ibatis.binding.BindingTest
Tests run: 39, Failures: 0, Errors: 0, Skipped: 1, Time elapsed: 5.195 sec
Running org.apache.ibatis.binding.WrongNamespacesTest
Tests run: 2, Failures: 0, Errors: 0, Skipped: 0, Time elapsed: 0.323 sec
Running org.apache.ibatis.plugin.PluginTest
Tests run: 2, Failures: 0, Errors: 0, Skipped: 0, Time elapsed: 0.15 sec
Running org.apache.ibatis.builder.xml.dynamic.ExpressionEvaluatorTest
Tests run: 7, Failures: 0, Errors: 0, Skipped: 0, Time elapsed: 0.227 sec
Running org.apache.ibatis.builder.xml.dynamic.DynamicSqlSourceTest
Tests run: 19, Failures: 0, Errors: 0, Skipped: 0, Time elapsed: 12.91 sec
Running org.apache.ibatis.builder.XmlConfigBuilderTest
Tests run: 2, Failures: 0, Errors: 0, Skipped: 0, Time elapsed: 0.391 sec
Running org.apache.ibatis.builder.ParameterExpressionTest
Tests run: 11, Failures: 0, Errors: 0, Skipped: 0, Time elapsed: 0.149 sec
Running org.apache.ibatis.builder.XmlMapperBuilderTest
Tests run: 1, Failures: 0, Errors: 0, Skipped: 0, Time elapsed: 0.632 sec
Running org.apache.ibatis.logging.LogFactoryTest
Logging initialized using 'class org.apache.ibatis.logging.stdout.StdOutImpl' adapter.
Warning message.
Debug message.
Error message.
Error with Exception.
java.lang.Exception: Test exception.
	at org.apache.ibatis.logging.LogFactoryTest.logSomething(LogFactoryTest.java:97)
	at org.apache.ibatis.logging.LogFactoryTest.shouldUseStdOut(LogFactoryTest.java:70)
	at sun.reflect.NativeMethodAccessorImpl.invoke0(Native Method)
	at sun.reflect.NativeMethodAccessorImpl.invoke(NativeMethodAccessorImpl.java:57)
	at sun.reflect.DelegatingMethodAccessorImpl.invoke(DelegatingMethodAccessorImpl.java:43)
	at java.lang.reflect.Method.invoke(Method.java:601)
	at org.junit.runners.model.FrameworkMethod$1.runReflectiveCall(FrameworkMethod.java:47)
	at org.junit.internal.runners.model.ReflectiveCallable.run(ReflectiveCallable.java:12)
	at org.junit.runners.model.FrameworkMethod.invokeExplosively(FrameworkMethod.java:44)
	at org.junit.internal.runners.statements.InvokeMethod.evaluate(InvokeMethod.java:17)
	at org.junit.runners.ParentRunner.runLeaf(ParentRunner.java:271)
	at org.junit.runners.BlockJUnit4ClassRunner.runChild(BlockJUnit4ClassRunner.java:70)
	at org.junit.runners.BlockJUnit4ClassRunner.runChild(BlockJUnit4ClassRunner.java:50)
	at org.junit.runners.ParentRunner$3.run(ParentRunner.java:238)
	at org.junit.runners.ParentRunner$1.schedule(ParentRunner.java:63)
	at org.junit.runners.ParentRunner.runChildren(ParentRunner.java:236)
	at org.junit.runners.ParentRunner.access$000(ParentRunner.java:53)
	at org.junit.runners.ParentRunner$2.evaluate(ParentRunner.java:229)
	at org.junit.runners.ParentRunner.run(ParentRunner.java:309)
	at org.apache.maven.surefire.junit4.JUnit4Provider.execute(JUnit4Provider.java:264)
	at org.apache.maven.surefire.junit4.JUnit4Provider.executeTestSet(JUnit4Provider.java:153)
	at org.apache.maven.surefire.junit4.JUnit4Provider.invoke(JUnit4Provider.java:124)
	at sun.reflect.NativeMethodAccessorImpl.invoke0(Native Method)
	at sun.reflect.NativeMethodAccessorImpl.invoke(NativeMethodAccessorImpl.java:57)
	at sun.reflect.DelegatingMethodAccessorImpl.invoke(DelegatingMethodAccessorImpl.java:43)
	at java.lang.reflect.Method.invoke(Method.java:601)
	at org.apache.maven.surefire.util.ReflectionUtils.invokeMethodWithArray2(ReflectionUtils.java:208)
	at org.apache.maven.surefire.booter.ProviderFactory$ProviderProxy.invoke(ProviderFactory.java:158)
	at org.apache.maven.surefire.booter.ProviderFactory.invokeProvider(ProviderFactory.java:86)
	at org.apache.maven.surefire.booter.ForkedBooter.runSuitesInProcess(ForkedBooter.java:153)
	at org.apache.maven.surefire.booter.ForkedBooter.main(ForkedBooter.java:95)
ERROR [main] - Error message.
ERROR [main] - Error with Exception.
java.lang.Exception: Test exception.
	at org.apache.ibatis.logging.LogFactoryTest.logSomething(LogFactoryTest.java:97)
	at org.apache.ibatis.logging.LogFactoryTest.shouldUseLog4J(LogFactoryTest.java:46)
	at sun.reflect.NativeMethodAccessorImpl.invoke0(Native Method)
	at sun.reflect.NativeMethodAccessorImpl.invoke(NativeMethodAccessorImpl.java:57)
	at sun.reflect.DelegatingMethodAccessorImpl.invoke(DelegatingMethodAccessorImpl.java:43)
	at java.lang.reflect.Method.invoke(Method.java:601)
	at org.junit.runners.model.FrameworkMethod$1.runReflectiveCall(FrameworkMethod.java:47)
	at org.junit.internal.runners.model.ReflectiveCallable.run(ReflectiveCallable.java:12)
	at org.junit.runners.model.FrameworkMethod.invokeExplosively(FrameworkMethod.java:44)
	at org.junit.internal.runners.statements.InvokeMethod.evaluate(InvokeMethod.java:17)
	at org.junit.runners.ParentRunner.runLeaf(ParentRunner.java:271)
	at org.junit.runners.BlockJUnit4ClassRunner.runChild(BlockJUnit4ClassRunner.java:70)
	at org.junit.runners.BlockJUnit4ClassRunner.runChild(BlockJUnit4ClassRunner.java:50)
	at org.junit.runners.ParentRunner$3.run(ParentRunner.java:238)
	at org.junit.runners.ParentRunner$1.schedule(ParentRunner.java:63)
	at org.junit.runners.ParentRunner.runChildren(ParentRunner.java:236)
	at org.junit.runners.ParentRunner.access$000(ParentRunner.java:53)
	at org.junit.runners.ParentRunner$2.evaluate(ParentRunner.java:229)
	at org.junit.runners.ParentRunner.run(ParentRunner.java:309)
	at org.apache.maven.surefire.junit4.JUnit4Provider.execute(JUnit4Provider.java:264)
	at org.apache.maven.surefire.junit4.JUnit4Provider.executeTestSet(JUnit4Provider.java:153)
	at org.apache.maven.surefire.junit4.JUnit4Provider.invoke(JUnit4Provider.java:124)
	at sun.reflect.NativeMethodAccessorImpl.invoke0(Native Method)
	at sun.reflect.NativeMethodAccessorImpl.invoke(NativeMethodAccessorImpl.java:57)
	at sun.reflect.DelegatingMethodAccessorImpl.invoke(DelegatingMethodAccessorImpl.java:43)
	at java.lang.reflect.Method.invoke(Method.java:601)
	at org.apache.maven.surefire.util.ReflectionUtils.invokeMethodWithArray2(ReflectionUtils.java:208)
	at org.apache.maven.surefire.booter.ProviderFactory$ProviderProxy.invoke(ProviderFactory.java:158)
	at org.apache.maven.surefire.booter.ProviderFactory.invokeProvider(ProviderFactory.java:86)
	at org.apache.maven.surefire.booter.ForkedBooter.runSuitesInProcess(ForkedBooter.java:153)
	at org.apache.maven.surefire.booter.ForkedBooter.main(ForkedBooter.java:95)
ERROR [main] - Error message.
ERROR [main] - Error with Exception.
java.lang.Exception: Test exception.
	at org.apache.ibatis.logging.LogFactoryTest.logSomething(LogFactoryTest.java:97)
	at org.apache.ibatis.logging.LogFactoryTest.shouldUseSlf4j(LogFactoryTest.java:62)
	at sun.reflect.NativeMethodAccessorImpl.invoke0(Native Method)
	at sun.reflect.NativeMethodAccessorImpl.invoke(NativeMethodAccessorImpl.java:57)
	at sun.reflect.DelegatingMethodAccessorImpl.invoke(DelegatingMethodAccessorImpl.java:43)
	at java.lang.reflect.Method.invoke(Method.java:601)
	at org.junit.runners.model.FrameworkMethod$1.runReflectiveCall(FrameworkMethod.java:47)
	at org.junit.internal.runners.model.ReflectiveCallable.run(ReflectiveCallable.java:12)
	at org.junit.runners.model.FrameworkMethod.invokeExplosively(FrameworkMethod.java:44)
	at org.junit.internal.runners.statements.InvokeMethod.evaluate(InvokeMethod.java:17)
	at org.junit.runners.ParentRunner.runLeaf(ParentRunner.java:271)
	at org.junit.runners.BlockJUnit4ClassRunner.runChild(BlockJUnit4ClassRunner.java:70)
	at org.junit.runners.BlockJUnit4ClassRunner.runChild(BlockJUnit4ClassRunner.java:50)
	at org.junit.runners.ParentRunner$3.run(ParentRunner.java:238)
	at org.junit.runners.ParentRunner$1.schedule(ParentRunner.java:63)
	at org.junit.runners.ParentRunner.runChildren(ParentRunner.java:236)
	at org.junit.runners.ParentRunner.access$000(ParentRunner.java:53)
	at org.junit.runners.ParentRunner$2.evaluate(ParentRunner.java:229)
	at org.junit.runners.ParentRunner.run(ParentRunner.java:309)
	at org.apache.maven.surefire.junit4.JUnit4Provider.execute(JUnit4Provider.java:264)
	at org.apache.maven.surefire.junit4.JUnit4Provider.executeTestSet(JUnit4Provider.java:153)
	at org.apache.maven.surefire.junit4.JUnit4Provider.invoke(JUnit4Provider.java:124)
	at sun.reflect.NativeMethodAccessorImpl.invoke0(Native Method)
	at sun.reflect.NativeMethodAccessorImpl.invoke(NativeMethodAccessorImpl.java:57)
	at sun.reflect.DelegatingMethodAccessorImpl.invoke(DelegatingMethodAccessorImpl.java:43)
	at java.lang.reflect.Method.invoke(Method.java:601)
	at org.apache.maven.surefire.util.ReflectionUtils.invokeMethodWithArray2(ReflectionUtils.java:208)
	at org.apache.maven.surefire.booter.ProviderFactory$ProviderProxy.invoke(ProviderFactory.java:158)
	at org.apache.maven.surefire.booter.ProviderFactory.invokeProvider(ProviderFactory.java:86)
	at org.apache.maven.surefire.booter.ForkedBooter.runSuitesInProcess(ForkedBooter.java:153)
	at org.apache.maven.surefire.booter.ForkedBooter.main(ForkedBooter.java:95)
Apr 08, 2013 10:14:51 AM org.apache.ibatis.logging.jdk14.Jdk14LoggingImpl warn
WARNING: Warning message.
Apr 08, 2013 10:14:51 AM org.apache.ibatis.logging.jdk14.Jdk14LoggingImpl error
SEVERE: Error message.
Apr 08, 2013 10:14:51 AM org.apache.ibatis.logging.jdk14.Jdk14LoggingImpl error
SEVERE: Error with Exception.
java.lang.Exception: Test exception.
	at org.apache.ibatis.logging.LogFactoryTest.logSomething(LogFactoryTest.java:97)
	at org.apache.ibatis.logging.LogFactoryTest.shouldUseJdKLogging(LogFactoryTest.java:54)
	at sun.reflect.NativeMethodAccessorImpl.invoke0(Native Method)
	at sun.reflect.NativeMethodAccessorImpl.invoke(NativeMethodAccessorImpl.java:57)
	at sun.reflect.DelegatingMethodAccessorImpl.invoke(DelegatingMethodAccessorImpl.java:43)
	at java.lang.reflect.Method.invoke(Method.java:601)
	at org.junit.runners.model.FrameworkMethod$1.runReflectiveCall(FrameworkMethod.java:47)
	at org.junit.internal.runners.model.ReflectiveCallable.run(ReflectiveCallable.java:12)
	at org.junit.runners.model.FrameworkMethod.invokeExplosively(FrameworkMethod.java:44)
	at org.junit.internal.runners.statements.InvokeMethod.evaluate(InvokeMethod.java:17)
	at org.junit.runners.ParentRunner.runLeaf(ParentRunner.java:271)
	at org.junit.runners.BlockJUnit4ClassRunner.runChild(BlockJUnit4ClassRunner.java:70)
	at org.junit.runners.BlockJUnit4ClassRunner.runChild(BlockJUnit4ClassRunner.java:50)
	at org.junit.runners.ParentRunner$3.run(ParentRunner.java:238)
	at org.junit.runners.ParentRunner$1.schedule(ParentRunner.java:63)
	at org.junit.runners.ParentRunner.runChildren(ParentRunner.java:236)
	at org.junit.runners.ParentRunner.access$000(ParentRunner.java:53)
	at org.junit.runners.ParentRunner$2.evaluate(ParentRunner.java:229)
	at org.junit.runners.ParentRunner.run(ParentRunner.java:309)
	at org.apache.maven.surefire.junit4.JUnit4Provider.execute(JUnit4Provider.java:264)
	at org.apache.maven.surefire.junit4.JUnit4Provider.executeTestSet(JUnit4Provider.java:153)
	at org.apache.maven.surefire.junit4.JUnit4Provider.invoke(JUnit4Provider.java:124)
	at sun.reflect.NativeMethodAccessorImpl.invoke0(Native Method)
	at sun.reflect.NativeMethodAccessorImpl.invoke(NativeMethodAccessorImpl.java:57)
	at sun.reflect.DelegatingMethodAccessorImpl.invoke(DelegatingMethodAccessorImpl.java:43)
	at java.lang.reflect.Method.invoke(Method.java:601)
	at org.apache.maven.surefire.util.ReflectionUtils.invokeMethodWithArray2(ReflectionUtils.java:208)
	at org.apache.maven.surefire.booter.ProviderFactory$ProviderProxy.invoke(ProviderFactory.java:158)
	at org.apache.maven.surefire.booter.ProviderFactory.invokeProvider(ProviderFactory.java:86)
	at org.apache.maven.surefire.booter.ForkedBooter.runSuitesInProcess(ForkedBooter.java:153)
	at org.apache.maven.surefire.booter.ForkedBooter.main(ForkedBooter.java:95)

ERROR [main] - Error message.
ERROR [main] - Error with Exception.
java.lang.Exception: Test exception.
	at org.apache.ibatis.logging.LogFactoryTest.logSomething(LogFactoryTest.java:97)
	at org.apache.ibatis.logging.LogFactoryTest.shouldUseCommonsLogging(LogFactoryTest.java:38)
	at sun.reflect.NativeMethodAccessorImpl.invoke0(Native Method)
	at sun.reflect.NativeMethodAccessorImpl.invoke(NativeMethodAccessorImpl.java:57)
	at sun.reflect.DelegatingMethodAccessorImpl.invoke(DelegatingMethodAccessorImpl.java:43)
	at java.lang.reflect.Method.invoke(Method.java:601)
	at org.junit.runners.model.FrameworkMethod$1.runReflectiveCall(FrameworkMethod.java:47)
	at org.junit.internal.runners.model.ReflectiveCallable.run(ReflectiveCallable.java:12)
	at org.junit.runners.model.FrameworkMethod.invokeExplosively(FrameworkMethod.java:44)
	at org.junit.internal.runners.statements.InvokeMethod.evaluate(InvokeMethod.java:17)
	at org.junit.runners.ParentRunner.runLeaf(ParentRunner.java:271)
	at org.junit.runners.BlockJUnit4ClassRunner.runChild(BlockJUnit4ClassRunner.java:70)
	at org.junit.runners.BlockJUnit4ClassRunner.runChild(BlockJUnit4ClassRunner.java:50)
	at org.junit.runners.ParentRunner$3.run(ParentRunner.java:238)
	at org.junit.runners.ParentRunner$1.schedule(ParentRunner.java:63)
	at org.junit.runners.ParentRunner.runChildren(ParentRunner.java:236)
	at org.junit.runners.ParentRunner.access$000(ParentRunner.java:53)
	at org.junit.runners.ParentRunner$2.evaluate(ParentRunner.java:229)
	at org.junit.runners.ParentRunner.run(ParentRunner.java:309)
	at org.apache.maven.surefire.junit4.JUnit4Provider.execute(JUnit4Provider.java:264)
	at org.apache.maven.surefire.junit4.JUnit4Provider.executeTestSet(JUnit4Provider.java:153)
	at org.apache.maven.surefire.junit4.JUnit4Provider.invoke(JUnit4Provider.java:124)
	at sun.reflect.NativeMethodAccessorImpl.invoke0(Native Method)
	at sun.reflect.NativeMethodAccessorImpl.invoke(NativeMethodAccessorImpl.java:57)
	at sun.reflect.DelegatingMethodAccessorImpl.invoke(DelegatingMethodAccessorImpl.java:43)
	at java.lang.reflect.Method.invoke(Method.java:601)
	at org.apache.maven.surefire.util.ReflectionUtils.invokeMethodWithArray2(ReflectionUtils.java:208)
	at org.apache.maven.surefire.booter.ProviderFactory$ProviderProxy.invoke(ProviderFactory.java:158)
	at org.apache.maven.surefire.booter.ProviderFactory.invokeProvider(ProviderFactory.java:86)
	at org.apache.maven.surefire.booter.ForkedBooter.runSuitesInProcess(ForkedBooter.java:153)
	at org.apache.maven.surefire.booter.ForkedBooter.main(ForkedBooter.java:95)
Tests run: 7, Failures: 0, Errors: 0, Skipped: 0, Time elapsed: 0.593 sec
Running org.apache.ibatis.logging.jdbc.ResultSetLoggerTest
Tests run: 2, Failures: 0, Errors: 0, Skipped: 0, Time elapsed: 0.82 sec
Running org.apache.ibatis.exceptions.GeneralExceptionsTest
Tests run: 2, Failures: 0, Errors: 0, Skipped: 0, Time elapsed: 0.132 sec
Running org.apache.ibatis.metadata.MetadataTest
Tests run: 2, Failures: 0, Errors: 0, Skipped: 0, Time elapsed: 5.056 sec
Running org.apache.ibatis.transaction.managed.ManagedTransactionFactoryTest
Tests run: 2, Failures: 0, Errors: 0, Skipped: 0, Time elapsed: 0.622 sec
Running org.apache.ibatis.mapping.ResultMappingTest
Tests run: 2, Failures: 0, Errors: 0, Skipped: 0, Time elapsed: 0.573 sec
Running org.apache.ibatis.io.ExternalResourcesTest
Tests run: 4, Failures: 0, Errors: 0, Skipped: 0, Time elapsed: 0.164 sec
Running org.apache.ibatis.io.ResourcesTest
Tests run: 18, Failures: 0, Errors: 0, Skipped: 0, Time elapsed: 0.187 sec
Running org.apache.ibatis.io.ClassLoaderWrapperTest
Tests run: 9, Failures: 0, Errors: 0, Skipped: 0, Time elapsed: 0.157 sec
Running org.apache.ibatis.datasource.jndi.JndiDataSourceFactoryTest
Tests run: 1, Failures: 0, Errors: 0, Skipped: 0, Time elapsed: 0.238 sec
Running org.apache.ibatis.jdbc.NullTest
Tests run: 1, Failures: 0, Errors: 0, Skipped: 0, Time elapsed: 0.159 sec
Running org.apache.ibatis.jdbc.PooledDataSourceTest
Tests run: 3, Failures: 0, Errors: 0, Skipped: 0, Time elapsed: 0.994 sec
Running org.apache.ibatis.jdbc.SqlBuilderTest
Tests run: 5, Failures: 0, Errors: 0, Skipped: 0, Time elapsed: 0.128 sec
Running org.apache.ibatis.jdbc.SqlRunnerTest
Tests run: 6, Failures: 0, Errors: 0, Skipped: 0, Time elapsed: 3.338 sec
Running org.apache.ibatis.jdbc.SQLTest
Tests run: 8, Failures: 0, Errors: 0, Skipped: 0, Time elapsed: 0.144 sec
Running org.apache.ibatis.jdbc.SelectBuilderTest
Tests run: 5, Failures: 0, Errors: 0, Skipped: 0, Time elapsed: 0.13 sec
Running org.apache.ibatis.jdbc.ScriptRunnerTest
--
--    Copyright 2009-2012 The MyBatis Team
--
--    Licensed under the Apache License, Version 2.0 (the "License");
--    you may not use this file except in compliance with the License.
--    You may obtain a copy of the License at
--
--       http://www.apache.org/licenses/LICENSE-2.0
--
--    Unless required by applicable law or agreed to in writing, software
--    distributed under the License is distributed on an "AS IS" BASIS,
--    WITHOUT WARRANTIES OR CONDITIONS OF ANY KIND, either express or implied.
--    See the License for the specific language governing permissions and
--    limitations under the License.
--
drop index productCat if exists

drop index productName if exists

drop index itemProd if exists

drop table lineitem if exists

drop table orderstatus if exists

drop table orders if exists

drop table bannerdata if exists

drop table profile if exists

drop table signon if exists

drop table inventory if exists

drop table item if exists

drop table product if exists

drop table account if exists

drop table category if exists

drop table supplier if exists

drop table sequence if exists

create table supplier (
suppid int not null,
name varchar(80) null,
status varchar(2) not null,
addr1 varchar(80) null,
addr2 varchar(80) null,
city varchar(80) null,
state varchar(80) null,
zip varchar(5) null,
phone varchar(80) null,
constraint pk_supplier primary key (suppid)
)

create table signon (
username varchar(25) not null,
password varchar(25)  not null,
constraint pk_signon primary key (username)
)

create table account (
userid varchar(80) not null,
email varchar(80) not null,
firstname varchar(80) not null,
lastname varchar(80) not null,
status varchar(2)  null,
addr1 varchar(80) not null,
addr2 varchar(40) null,
city varchar(80) not  null,
state varchar(80) not null,
zip varchar(20) not null,
country varchar(20) not null,
phone varchar(80) not null,
constraint pk_account primary key (userid)
)

create table profile (
userid varchar(80) not null,
langpref varchar(80) not null,
favcategory varchar(30),
mylistopt int,
banneropt int,
constraint pk_profile primary key (userid)
)

create table bannerdata (
favcategory varchar(80) not null,
bannername varchar(255)  null,
constraint pk_bannerdata primary key (favcategory)
)

create table orders (
orderid int not null,
userid varchar(80) not null,
orderdate date not null,
shipaddr1 varchar(80) not null,
shipaddr2 varchar(80) null,
shipcity varchar(80) not null,
shipstate varchar(80) not null,
shipzip varchar(20) not null,
shipcountry varchar(20) not null,
billaddr1 varchar(80) not null,
billaddr2 varchar(80)  null,
billcity varchar(80) not null,
billstate varchar(80) not null,
billzip varchar(20) not null,
billcountry varchar(20) not null,
courier varchar(80) not null,
totalprice decimal(10,2) not null,
billtofirstname varchar(80) not null,
billtolastname varchar(80) not null,
shiptofirstname varchar(80) not null,
shiptolastname varchar(80) not null,
creditcard varchar(80) not null,
exprdate varchar(7) not null,
cardtype varchar(80) not null,
locale varchar(80) not null,
constraint pk_orders primary key (orderid)
)

create table orderstatus (
orderid int not null,
linenum int not null,
timestamp date not null,
status varchar(2) not null,
constraint pk_orderstatus primary key (orderid, linenum)
)

create table lineitem (
orderid int not null,
linenum int not null,
itemid varchar(10) not null,
quantity int not null,
unitprice decimal(10,2) not null,
constraint pk_lineitem primary key (orderid, linenum)
)

create table category (
catid varchar(10) not null,
name varchar(80) null,
descn varchar(255) null,
constraint pk_category primary key (catid)
)

create table product (
productid varchar(10) not null,
category varchar(10) not null,
name varchar(80) null,
descn varchar(255) null,
constraint pk_product primary key (productid),
constraint fk_product_1 foreign key (category)
references category (catid)
)

create index productCat on product (category)

create index productName on product (name)

create table item (
itemid varchar(10) not null,
productid varchar(10) not null,
listprice decimal(10,2) null,
unitcost decimal(10,2) null,
supplier int null,
status varchar(2) null,
attr1 varchar(80) null,
attr2 varchar(80) null,
attr3 varchar(80) null,
attr4 varchar(80) null,
attr5 varchar(80) null,
constraint pk_item primary key (itemid),
constraint fk_item_1 foreign key (productid)
references product (productid),
constraint fk_item_2 foreign key (supplier)
references supplier (suppid)
)

create index itemProd on item (productid)

create table inventory (
itemid varchar(10) not null,
qty int not null,
constraint pk_inventory primary key (itemid)
)

CREATE TABLE sequence
(
name               varchar(30)  not null,
nextid             int          not null,
constraint pk_sequence primary key (name)
)

--
--    Copyright 2009-2012 The MyBatis Team
--
--    Licensed under the Apache License, Version 2.0 (the "License");
--    you may not use this file except in compliance with the License.
--    You may obtain a copy of the License at
--
--       http://www.apache.org/licenses/LICENSE-2.0
--
--    Unless required by applicable law or agreed to in writing, software
--    distributed under the License is distributed on an "AS IS" BASIS,
--    WITHOUT WARRANTIES OR CONDITIONS OF ANY KIND, either express or implied.
--    See the License for the specific language governing permissions and
--    limitations under the License.
--
INSERT INTO sequence VALUES('ordernum', 1000)

INSERT INTO signon VALUES('j2ee','j2ee')

INSERT INTO signon VALUES('ACID','ACID')

INSERT INTO account VALUES('j2ee','yourname@yourdomain.com','ABC', 'XYX', 'OK', '901 San Antonio Road', 'MS UCUP02-206', 'Palo Alto', 'CA', '94303', 'USA',  '555-555-5555')

INSERT INTO account VALUES('ACID','acid@yourdomain.com','ABC', 'XYX', 'OK', '901 San Antonio Road', 'MS UCUP02-206', 'Palo Alto', 'CA', '94303', 'USA',  '555-555-5555')

INSERT INTO profile VALUES('j2ee','english','DOGS',1,1)

INSERT INTO profile VALUES('ACID','english','CATS',1,1)

INSERT INTO bannerdata VALUES ('FISH','<image src="../images/banner_fish.gif">')

INSERT INTO bannerdata VALUES ('CATS','<image src="../images/banner_cats.gif">')

INSERT INTO bannerdata VALUES ('DOGS','<image src="../images/banner_dogs.gif">')

INSERT INTO bannerdata VALUES ('REPTILES','<image src="../images/banner_reptiles.gif">')

INSERT INTO bannerdata VALUES ('BIRDS','<image src="../images/banner_birds.gif">')

INSERT INTO category VALUES ('FISH','Fish','<image src="../images/fish_icon.gif"><font size="5" color="blue"> Fish</font>')

INSERT INTO category VALUES ('DOGS','Dogs','<image src="../images/dogs_icon.gif"><font size="5" color="blue"> Dogs</font>')

INSERT INTO category VALUES ('REPTILES','Reptiles','<image src="../images/reptiles_icon.gif"><font size="5" color="blue"> Reptiles</font>')

INSERT INTO category VALUES ('CATS','Cats','<image src="../images/cats_icon.gif"><font size="5" color="blue"> Cats</font>')

INSERT INTO category VALUES ('BIRDS','Birds','<image src="../images/birds_icon.gif"><font size="5" color="blue"> Birds</font>')

INSERT INTO product VALUES ('FI-SW-01','FISH','Angelfish','<image src="../images/fish1.gif">Salt Water fish from Australia')

INSERT INTO product VALUES ('FI-SW-02','FISH','Tiger Shark','<image src="../images/fish4.gif">Salt Water fish from Australia')

INSERT INTO product VALUES ('FI-FW-01','FISH', 'Koi','<image src="../images/fish3.gif">Fresh Water fish from Japan')

INSERT INTO product VALUES ('FI-FW-02','FISH', 'Goldfish','<image src="../images/fish2.gif">Fresh Water fish from China')

INSERT INTO product VALUES ('K9-BD-01','DOGS','Bulldog','<image src="../images/dog2.gif">Friendly dog from England')

INSERT INTO product VALUES ('K9-PO-02','DOGS','Poodle','<image src="../images/dog6.gif">Cute dog from France')

INSERT INTO product VALUES ('K9-DL-01','DOGS', 'Dalmation','<image src="../images/dog5.gif">Great dog for a Fire Station')

INSERT INTO product VALUES ('K9-RT-01','DOGS', 'Golden Retriever','<image src="../images/dog1.gif">Great family dog')

INSERT INTO product VALUES ('K9-RT-02','DOGS', 'Labrador Retriever','<image src="../images/dog5.gif">Great hunting dog')

INSERT INTO product VALUES ('K9-CW-01','DOGS', 'Chihuahua','<image src="../images/dog4.gif">Great companion dog')

INSERT INTO product VALUES ('RP-SN-01','REPTILES','Rattlesnake','<image src="../images/snake1.gif">Doubles as a watch dog')

INSERT INTO product VALUES ('RP-LI-02','REPTILES','Iguana','<image src="../images/lizard1.gif">Friendly green friend')

INSERT INTO product VALUES ('FL-DSH-01','CATS','Manx','<image src="../images/cat2.gif">Great for reducing mouse populations')

INSERT INTO product VALUES ('FL-DLH-02','CATS','Persian','<image src="../images/cat1.gif">Friendly house cat, doubles as a princess')

INSERT INTO product VALUES ('AV-CB-01','BIRDS','Amazon Parrot','<image src="../images/bird2.gif">Great companion for up to 75 years')

INSERT INTO product VALUES ('AV-SB-02','BIRDS','Finch','<image src="../images/bird1.gif">Great stress reliever')

INSERT INTO supplier VALUES (1,'XYZ Pets','AC','600 Avon Way','','Los Angeles','CA','94024','212-947-0797')

INSERT INTO supplier VALUES (2,'ABC Pets','AC','700 Abalone Way','','San Francisco ','CA','94024','415-947-0797')

INSERT INTO  item (itemid, productid, listprice, unitcost, supplier, status, attr1) VALUES('EST-1','FI-SW-01',16.50,10.00,1,'P','Large')

INSERT INTO  item (itemid, productid, listprice, unitcost, supplier, status, attr1) VALUES('EST-2','FI-SW-01',16.50,10.00,1,'P','Small')

INSERT INTO  item (itemid, productid, listprice, unitcost, supplier, status, attr1) VALUES('EST-3','FI-SW-02',18.50,12.00,1,'P','Toothless')

INSERT INTO  item (itemid, productid, listprice, unitcost, supplier, status, attr1) VALUES('EST-4','FI-FW-01',18.50,12.00,1,'P','Spotted')

INSERT INTO  item (itemid, productid, listprice, unitcost, supplier, status, attr1) VALUES('EST-5','FI-FW-01',18.50,12.00,1,'P','Spotless')

INSERT INTO  item (itemid, productid, listprice, unitcost, supplier, status, attr1) VALUES('EST-6','K9-BD-01',18.50,12.00,1,'P','Male Adult')

INSERT INTO  item (itemid, productid, listprice, unitcost, supplier, status, attr1) VALUES('EST-7','K9-BD-01',18.50,12.00,1,'P','Female Puppy')

INSERT INTO  item (itemid, productid, listprice, unitcost, supplier, status, attr1) VALUES('EST-8','K9-PO-02',18.50,12.00,1,'P','Male Puppy')

INSERT INTO  item (itemid, productid, listprice, unitcost, supplier, status, attr1) VALUES('EST-9','K9-DL-01',18.50,12.00,1,'P','Spotless Male Puppy')

INSERT INTO  item (itemid, productid, listprice, unitcost, supplier, status, attr1) VALUES('EST-10','K9-DL-01',18.50,12.00,1,'P','Spotted Adult Female')

INSERT INTO  item (itemid, productid, listprice, unitcost, supplier, status, attr1) VALUES('EST-11','RP-SN-01',18.50,12.00,1,'P','Venomless')

INSERT INTO  item (itemid, productid, listprice, unitcost, supplier, status, attr1) VALUES('EST-12','RP-SN-01',18.50,12.00,1,'P','Rattleless')

INSERT INTO  item (itemid, productid, listprice, unitcost, supplier, status, attr1) VALUES('EST-13','RP-LI-02',18.50,12.00,1,'P','Green Adult')

INSERT INTO  item (itemid, productid, listprice, unitcost, supplier, status, attr1) VALUES('EST-14','FL-DSH-01',58.50,12.00,1,'P','Tailless')

INSERT INTO  item (itemid, productid, listprice, unitcost, supplier, status, attr1) VALUES('EST-15','FL-DSH-01',23.50,12.00,1,'P','With tail')

INSERT INTO  item (itemid, productid, listprice, unitcost, supplier, status, attr1) VALUES('EST-16','FL-DLH-02',93.50,12.00,1,'P','Adult Female')

INSERT INTO  item (itemid, productid, listprice, unitcost, supplier, status, attr1) VALUES('EST-17','FL-DLH-02',93.50,12.00,1,'P','Adult Male')

INSERT INTO  item (itemid, productid, listprice, unitcost, supplier, status, attr1) VALUES('EST-18','AV-CB-01',193.50,92.00,1,'P','Adult Male')

INSERT INTO  item (itemid, productid, listprice, unitcost, supplier, status, attr1) VALUES('EST-19','AV-SB-02',15.50, 2.00,1,'P','Adult Male')

INSERT INTO  item (itemid, productid, listprice, unitcost, supplier, status, attr1) VALUES('EST-20','FI-FW-02',5.50, 2.00,1,'P','Adult Male')

INSERT INTO  item (itemid, productid, listprice, unitcost, supplier, status, attr1) VALUES('EST-21','FI-FW-02',5.29, 1.00,1,'P','Adult Female')

INSERT INTO  item (itemid, productid, listprice, unitcost, supplier, status, attr1) VALUES('EST-22','K9-RT-02',135.50, 100.00,1,'P','Adult Male')

INSERT INTO  item (itemid, productid, listprice, unitcost, supplier, status, attr1) VALUES('EST-23','K9-RT-02',145.49, 100.00,1,'P','Adult Female')

INSERT INTO  item (itemid, productid, listprice, unitcost, supplier, status, attr1) VALUES('EST-24','K9-RT-02',255.50, 92.00,1,'P','Adult Male')

INSERT INTO  item (itemid, productid, listprice, unitcost, supplier, status, attr1) VALUES('EST-25','K9-RT-02',325.29, 90.00,1,'P','Adult Female')

INSERT INTO  item (itemid, productid, listprice, unitcost, supplier, status, attr1) VALUES('EST-26','K9-CW-01',125.50, 92.00,1,'P','Adult Male')

INSERT INTO  item (itemid, productid, listprice, unitcost, supplier, status, attr1) VALUES('EST-27','K9-CW-01',155.29, 90.00,1,'P','Adult Female')

INSERT INTO  item (itemid, productid, listprice, unitcost, supplier, status, attr1) VALUES('EST-28','K9-RT-01',155.29, 90.00,1,'P','Adult Female')

INSERT INTO inventory (itemid, qty ) VALUES ('EST-1',10000)

INSERT INTO inventory (itemid, qty ) VALUES ('EST-2',10000)

INSERT INTO inventory (itemid, qty ) VALUES ('EST-3',10000)

INSERT INTO inventory (itemid, qty ) VALUES ('EST-4',10000)

INSERT INTO inventory (itemid, qty ) VALUES ('EST-5',10000)

INSERT INTO inventory (itemid, qty ) VALUES ('EST-6',10000)

INSERT INTO inventory (itemid, qty ) VALUES ('EST-7',10000)

INSERT INTO inventory (itemid, qty ) VALUES ('EST-8',10000)

INSERT INTO inventory (itemid, qty ) VALUES ('EST-9',10000)

INSERT INTO inventory (itemid, qty ) VALUES ('EST-10',10000)

INSERT INTO inventory (itemid, qty ) VALUES ('EST-11',10000)

INSERT INTO inventory (itemid, qty ) VALUES ('EST-12',10000)

INSERT INTO inventory (itemid, qty ) VALUES ('EST-13',10000)

INSERT INTO inventory (itemid, qty ) VALUES ('EST-14',10000)

INSERT INTO inventory (itemid, qty ) VALUES ('EST-15',10000)

INSERT INTO inventory (itemid, qty ) VALUES ('EST-16',10000)

INSERT INTO inventory (itemid, qty ) VALUES ('EST-17',10000)

INSERT INTO inventory (itemid, qty ) VALUES ('EST-18',10000)

INSERT INTO inventory (itemid, qty ) VALUES ('EST-19',10000)

INSERT INTO inventory (itemid, qty ) VALUES ('EST-20',10000)

INSERT INTO inventory (itemid, qty ) VALUES ('EST-21',10000)

INSERT INTO inventory (itemid, qty ) VALUES ('EST-22',10000)

INSERT INTO inventory (itemid, qty ) VALUES ('EST-23',10000)

INSERT INTO inventory (itemid, qty ) VALUES ('EST-24',10000)

INSERT INTO inventory (itemid, qty ) VALUES ('EST-25',10000)

INSERT INTO inventory (itemid, qty ) VALUES ('EST-26',10000)

INSERT INTO inventory (itemid, qty ) VALUES ('EST-27',10000)

INSERT INTO inventory (itemid, qty ) VALUES ('EST-28',10000)

select * from inventory

ITEMID	QTY
EST-1	10000
EST-10	10000
EST-11	10000
EST-12	10000
EST-13	10000
EST-14	10000
EST-15	10000
EST-16	10000
EST-17	10000
EST-18	10000
EST-19	10000
EST-2	10000
EST-20	10000
EST-21	10000
EST-22	10000
EST-23	10000
EST-24	10000
EST-25	10000
EST-26	10000
EST-27	10000
EST-28	10000
EST-3	10000
EST-4	10000
EST-5	10000
EST-6	10000
EST-7	10000
EST-8	10000
EST-9	10000
--
--    Copyright 2009-2012 The MyBatis Team
--
--    Licensed under the Apache License, Version 2.0 (the "License");
--    you may not use this file except in compliance with the License.
--    You may obtain a copy of the License at
--
--       http://www.apache.org/licenses/LICENSE-2.0
--
--    Unless required by applicable law or agreed to in writing, software
--    distributed under the License is distributed on an "AS IS" BASIS,
--    WITHOUT WARRANTIES OR CONDITIONS OF ANY KIND, either express or implied.
--    See the License for the specific language governing permissions and
--    limitations under the License.
--
ALTER TABLE product ALTER COLUMN name varchar(80)

Tests run: 5, Failures: 0, Errors: 0, Skipped: 1, Time elapsed: 1.365 sec
Running org.apache.ibatis.executor.ResultExtractorTest
Tests run: 6, Failures: 0, Errors: 0, Skipped: 0, Time elapsed: 0.678 sec
Running org.apache.ibatis.executor.ReuseExecutorTest
Tests run: 19, Failures: 0, Errors: 0, Skipped: 0, Time elapsed: 9.813 sec
Running org.apache.ibatis.executor.BatchExecutorTest
Tests run: 19, Failures: 0, Errors: 0, Skipped: 0, Time elapsed: 10.095 sec
Running org.apache.ibatis.executor.ErrorContextTest
Tests run: 1, Failures: 0, Errors: 0, Skipped: 0, Time elapsed: 0.12 sec
Running org.apache.ibatis.executor.BaseExecutorTest
Tests run: 18, Failures: 0, Errors: 0, Skipped: 0, Time elapsed: 10.787 sec
Running org.apache.ibatis.executor.CachingBatchExecutorTest
Tests run: 19, Failures: 0, Errors: 0, Skipped: 0, Time elapsed: 13.367 sec
Running org.apache.ibatis.executor.loader.CglibProxyTest
Tests run: 15, Failures: 0, Errors: 0, Skipped: 0, Time elapsed: 3.263 sec
Running org.apache.ibatis.executor.loader.JavassistProxyTest
Tests run: 15, Failures: 0, Errors: 0, Skipped: 0, Time elapsed: 3.208 sec
Running org.apache.ibatis.executor.CachingSimpleExecutorTest
Tests run: 19, Failures: 0, Errors: 0, Skipped: 0, Time elapsed: 12.396 sec
Running org.apache.ibatis.executor.CachingReuseExecutorTest
Tests run: 19, Failures: 0, Errors: 0, Skipped: 0, Time elapsed: 17.753 sec
Running org.apache.ibatis.executor.resultset.FastResultSetHandlerTest
Tests run: 1, Failures: 0, Errors: 0, Skipped: 0, Time elapsed: 1.026 sec
Running org.apache.ibatis.parsing.XPathParserTest
Tests run: 1, Failures: 0, Errors: 0, Skipped: 0, Time elapsed: 0.239 sec
Running org.apache.ibatis.parsing.GenericTokenParserTest
Tests run: 3, Failures: 0, Errors: 0, Skipped: 0, Time elapsed: 0.222 sec
Running org.apache.ibatis.reflection.ExceptionUtilTest
Tests run: 1, Failures: 0, Errors: 0, Skipped: 0, Time elapsed: 0.114 sec
Running org.apache.ibatis.reflection.MetaClassTest
Tests run: 7, Failures: 0, Errors: 0, Skipped: 0, Time elapsed: 0.141 sec
Running org.apache.ibatis.reflection.ReflectorTest
Tests run: 3, Failures: 0, Errors: 0, Skipped: 0, Time elapsed: 0.13 sec
Running org.apache.ibatis.reflection.MetaObjectTest
Tests run: 24, Failures: 0, Errors: 0, Skipped: 0, Time elapsed: 0.236 sec
Running org.apache.ibatis.type.FloatTypeHandlerTest
Tests run: 3, Failures: 0, Errors: 0, Skipped: 0, Time elapsed: 0.902 sec
Running org.apache.ibatis.type.LongTypeHandlerTest
Tests run: 3, Failures: 0, Errors: 0, Skipped: 0, Time elapsed: 0.888 sec
Running org.apache.ibatis.type.BlobTypeHandlerTest
Tests run: 3, Failures: 0, Errors: 0, Skipped: 0, Time elapsed: 0.925 sec
Running org.apache.ibatis.type.ObjectTypeHandlerTest
Tests run: 3, Failures: 0, Errors: 0, Skipped: 0, Time elapsed: 0.929 sec
Running org.apache.ibatis.type.SqlTimetampTypeHandlerTest
Tests run: 3, Failures: 0, Errors: 0, Skipped: 0, Time elapsed: 1.018 sec
Running org.apache.ibatis.type.ByteTypeHandlerTest
Tests run: 3, Failures: 0, Errors: 0, Skipped: 0, Time elapsed: 1.067 sec
Running org.apache.ibatis.type.BigIntegerTypeHandlerTest
Tests run: 3, Failures: 0, Errors: 0, Skipped: 0, Time elapsed: 1.036 sec
Running org.apache.ibatis.type.TypeAliasRegistryTest
Tests run: 6, Failures: 0, Errors: 0, Skipped: 0, Time elapsed: 0.165 sec
Running org.apache.ibatis.type.StringTypeHandlerTest
Tests run: 5, Failures: 0, Errors: 0, Skipped: 0, Time elapsed: 0.995 sec
Running org.apache.ibatis.type.DateTypeHandlerTest
Tests run: 3, Failures: 0, Errors: 0, Skipped: 0, Time elapsed: 1.014 sec
Running org.apache.ibatis.type.TypeHandlerRegistryTest
Tests run: 3, Failures: 0, Errors: 0, Skipped: 0, Time elapsed: 0.197 sec
Running org.apache.ibatis.type.EnumTypeHandlerTest
Tests run: 6, Failures: 0, Errors: 0, Skipped: 0, Time elapsed: 1.285 sec
Running org.apache.ibatis.type.UnknownTypeHandlerTest
Tests run: 3, Failures: 0, Errors: 0, Skipped: 0, Time elapsed: 1.04 sec
Running org.apache.ibatis.type.TimeOnlyTypeHandlerTest
Tests run: 3, Failures: 0, Errors: 0, Skipped: 0, Time elapsed: 1.001 sec
Running org.apache.ibatis.type.SqlTimeTypeHandlerTest
Tests run: 3, Failures: 0, Errors: 0, Skipped: 0, Time elapsed: 0.957 sec
Running org.apache.ibatis.type.DoubleTypeHandlerTest
Tests run: 3, Failures: 0, Errors: 0, Skipped: 0, Time elapsed: 1.023 sec
Running org.apache.ibatis.type.ShortTypeHandlerTest
Tests run: 3, Failures: 0, Errors: 0, Skipped: 0, Time elapsed: 0.886 sec
Running org.apache.ibatis.type.IntegerTypeHandlerTest
Tests run: 3, Failures: 0, Errors: 0, Skipped: 0, Time elapsed: 0.984 sec
Running org.apache.ibatis.type.BooleanTypeHandlerTest
Tests run: 3, Failures: 0, Errors: 0, Skipped: 0, Time elapsed: 1.023 sec
Running org.apache.ibatis.type.BigDecimalTypeHandlerTest
Tests run: 3, Failures: 0, Errors: 0, Skipped: 0, Time elapsed: 1.098 sec
Running org.apache.ibatis.type.SimpleTypeRegistryTest
Tests run: 3, Failures: 0, Errors: 0, Skipped: 0, Time elapsed: 0.144 sec
Running org.apache.ibatis.type.EnumOrdinalTypeHandlerTest
Tests run: 6, Failures: 0, Errors: 0, Skipped: 0, Time elapsed: 1.022 sec
Running org.apache.ibatis.type.CharacterTypeHandlerTest
Tests run: 6, Failures: 0, Errors: 0, Skipped: 0, Time elapsed: 1.006 sec
Running org.apache.ibatis.type.DateOnlyTypeHandlerTest
Tests run: 3, Failures: 0, Errors: 0, Skipped: 0, Time elapsed: 1.014 sec
Running org.apache.ibatis.type.ByteArrayTypeHandlerTest
Tests run: 3, Failures: 0, Errors: 0, Skipped: 0, Time elapsed: 0.92 sec
Running org.apache.ibatis.type.GenericTypeSupportedInHierarchiesTestCase
Tests run: 1, Failures: 0, Errors: 0, Skipped: 0, Time elapsed: 0.13 sec
Running org.apache.ibatis.type.SqlDateTypeHandlerTest
Tests run: 3, Failures: 0, Errors: 0, Skipped: 0, Time elapsed: 0.969 sec
Running org.apache.ibatis.type.ClobTypeHandlerTest
Tests run: 3, Failures: 0, Errors: 0, Skipped: 0, Time elapsed: 1.034 sec
Running org.apache.ibatis.cache.ScheduledCacheTest
Tests run: 3, Failures: 0, Errors: 0, Skipped: 0, Time elapsed: 5.238 sec
Running org.apache.ibatis.cache.PerpetualCacheTest
Tests run: 4, Failures: 0, Errors: 0, Skipped: 0, Time elapsed: 0.761 sec
Running org.apache.ibatis.cache.WeakCacheTest
Tests run: 4, Failures: 0, Errors: 0, Skipped: 0, Time elapsed: 0.67 sec
Running org.apache.ibatis.cache.SoftCacheTest
Tests run: 4, Failures: 0, Errors: 0, Skipped: 0, Time elapsed: 2.627 sec
Running org.apache.ibatis.cache.CacheKeyTest
Tests run: 4, Failures: 0, Errors: 0, Skipped: 0, Time elapsed: 2.15 sec
Running org.apache.ibatis.cache.SuperCacheTest
Tests run: 1, Failures: 0, Errors: 0, Skipped: 0, Time elapsed: 3.822 sec
Running org.apache.ibatis.cache.BaseCacheTest
Tests run: 1, Failures: 0, Errors: 0, Skipped: 0, Time elapsed: 0.246 sec
Running org.apache.ibatis.cache.LruCacheTest
Tests run: 3, Failures: 0, Errors: 0, Skipped: 0, Time elapsed: 0.126 sec
Running org.apache.ibatis.cache.FifoCacheTest
Tests run: 3, Failures: 0, Errors: 0, Skipped: 0, Time elapsed: 0.124 sec
Running org.apache.ibatis.session.SqlSessionTest
Tests run: 55, Failures: 0, Errors: 0, Skipped: 0, Time elapsed: 10.207 sec
Running org.apache.ibatis.session.SqlSessionManagerTest
Tests run: 46, Failures: 0, Errors: 0, Skipped: 0, Time elapsed: 27.146 sec
Running org.apache.ibatis.submitted.refcursor.RefCursorTest
Tests run: 1, Failures: 0, Errors: 0, Skipped: 1, Time elapsed: 0.073 sec
Running org.apache.ibatis.submitted.column_prefix.ColumnPrefixTest
Tests run: 2, Failures: 0, Errors: 0, Skipped: 0, Time elapsed: 1.718 sec
Running org.apache.ibatis.submitted.column_prefix.ColumnPrefixAutoMappingTest
Tests run: 2, Failures: 0, Errors: 0, Skipped: 0, Time elapsed: 1.531 sec
Running org.apache.ibatis.submitted.column_prefix.ColumnPrefixNestedQueryTest
Tests run: 2, Failures: 0, Errors: 0, Skipped: 0, Time elapsed: 1.623 sec
Running org.apache.ibatis.submitted.nonexistentvariables.NonExistentVariablesTest
Tests run: 1, Failures: 0, Errors: 0, Skipped: 0, Time elapsed: 1.26 sec
Running org.apache.ibatis.submitted.complex_property.ComponentTest
Tests run: 1, Failures: 0, Errors: 0, Skipped: 0, Time elapsed: 1.347 sec
Running org.apache.ibatis.submitted.dml_return_types.DmlMapperReturnTypesTest
Tests run: 7, Failures: 0, Errors: 0, Skipped: 0, Time elapsed: 1.348 sec
Running org.apache.ibatis.submitted.awful_table.AwfulTableTest
Tests run: 1, Failures: 0, Errors: 0, Skipped: 0, Time elapsed: 1.509 sec
Running org.apache.ibatis.submitted.nested_query_cache.NestedQueryCacheTest
Tests run: 1, Failures: 0, Errors: 0, Skipped: 0, Time elapsed: 6.165 sec
Running org.apache.ibatis.submitted.null_associations.FooMapperTest
Tests run: 2, Failures: 0, Errors: 0, Skipped: 0, Time elapsed: 1.284 sec
Running org.apache.ibatis.submitted.sqlprovider.SqlProviderTest
Tests run: 2, Failures: 0, Errors: 0, Skipped: 0, Time elapsed: 1.25 sec
Running org.apache.ibatis.submitted.valueinmap.ValueInMapTest
Tests run: 2, Failures: 0, Errors: 0, Skipped: 0, Time elapsed: 1.324 sec
Running org.apache.ibatis.submitted.foreach.ForEachTest
Tests run: 1, Failures: 0, Errors: 0, Skipped: 0, Time elapsed: 1.409 sec
Running org.apache.ibatis.submitted.disallowdotsonnames.DisallowDotsOnNamesTest
Tests run: 1, Failures: 0, Errors: 0, Skipped: 0, Time elapsed: 0.563 sec
Running org.apache.ibatis.submitted.criterion.CriterionTest
Tests run: 1, Failures: 0, Errors: 0, Skipped: 0, Time elapsed: 1.544 sec
Running org.apache.ibatis.submitted.custom_collection_handling.CustomCollectionHandlingTest
Tests run: 2, Failures: 0, Errors: 0, Skipped: 0, Time elapsed: 1.451 sec
Running org.apache.ibatis.submitted.language.LanguageTest
Tests run: 9, Failures: 0, Errors: 0, Skipped: 0, Time elapsed: 1.736 sec
Running org.apache.ibatis.submitted.multipleiterates.MultipleIteratesTest
Tests run: 1, Failures: 0, Errors: 0, Skipped: 0, Time elapsed: 1.493 sec
Running org.apache.ibatis.submitted.null_with_no_jdbctype.NullWithNoJdbcTypeTest
Tests run: 2, Failures: 0, Errors: 0, Skipped: 0, Time elapsed: 3.855 sec
Running org.apache.ibatis.submitted.simplelistparameter.SimpleListParameterTest
Tests run: 1, Failures: 0, Errors: 0, Skipped: 0, Time elapsed: 1.465 sec
Running org.apache.ibatis.submitted.foreach_map.ForEachMapTest
Tests run: 4, Failures: 0, Errors: 0, Skipped: 0, Time elapsed: 1.428 sec
Running org.apache.ibatis.submitted.parent_childs.ParentChildTest
Tests run: 1, Failures: 0, Errors: 0, Skipped: 0, Time elapsed: 1.512 sec
Running org.apache.ibatis.submitted.autodiscover.AutodiscoverTest
Tests run: 3, Failures: 0, Errors: 0, Skipped: 0, Time elapsed: 0.81 sec
Running org.apache.ibatis.submitted.javassist.JavassistTest
Tests run: 1, Failures: 0, Errors: 0, Skipped: 0, Time elapsed: 1.56 sec
Running org.apache.ibatis.submitted.result_handler.ResulthandlerTest
Tests run: 2, Failures: 0, Errors: 0, Skipped: 0, Time elapsed: 1.415 sec
Running org.apache.ibatis.submitted.camelcase.CamelCaseMappingTest
Tests run: 2, Failures: 0, Errors: 0, Skipped: 0, Time elapsed: 1.451 sec
Running org.apache.ibatis.submitted.count.CountTest
Tests run: 1, Failures: 0, Errors: 0, Skipped: 0, Time elapsed: 1.423 sec
Running org.apache.ibatis.submitted.automapping.AutomappingTest
Tests run: 3, Failures: 0, Errors: 0, Skipped: 0, Time elapsed: 1.658 sec
Running org.apache.ibatis.submitted.typehandlerinjection.TypeHandlerInjectionTest
Tests run: 1, Failures: 0, Errors: 0, Skipped: 0, Time elapsed: 1.464 sec
Running org.apache.ibatis.submitted.dynsql2.DynSqlTest
Tests run: 2, Failures: 0, Errors: 0, Skipped: 0, Time elapsed: 1.617 sec
Running org.apache.ibatis.submitted.no_param_type.NoParamTypeTest
Tests run: 1, Failures: 0, Errors: 0, Skipped: 0, Time elapsed: 1.438 sec
Running org.apache.ibatis.submitted.manyanno.ManyAnnoTest
Tests run: 1, Failures: 0, Errors: 0, Skipped: 0, Time elapsed: 8.451 sec
Running org.apache.ibatis.submitted.enumtypehandler_on_map.EnumTypeHandlerTest
Tests run: 2, Failures: 0, Errors: 0, Skipped: 0, Time elapsed: 1.537 sec
Running org.apache.ibatis.submitted.complex_type.ComplexTypeTest
Tests run: 1, Failures: 0, Errors: 0, Skipped: 0, Time elapsed: 1.844 sec
Running org.apache.ibatis.submitted.cglib_lazy_error.CglibNPELazyTest
Tests run: 5, Failures: 0, Errors: 0, Skipped: 0, Time elapsed: 1.726 sec
Running org.apache.ibatis.submitted.cglib_lazy_error.CglibNPETest
Tests run: 7, Failures: 0, Errors: 0, Skipped: 0, Time elapsed: 1.606 sec
Running org.apache.ibatis.submitted.nested.NestedForEachTest
Tests run: 5, Failures: 0, Errors: 0, Skipped: 0, Time elapsed: 1.6 sec
Running org.apache.ibatis.submitted.xml_references.EnumWithOgnlTest
Tests run: 2, Failures: 0, Errors: 0, Skipped: 0, Time elapsed: 0.982 sec
Running org.apache.ibatis.submitted.encoding.EncodingTest
Tests run: 2, Failures: 0, Errors: 0, Skipped: 0, Time elapsed: 1.457 sec
Running org.apache.ibatis.submitted.force_flush_on_select.ForceFlushOnSelectTest
Tests run: 6, Failures: 0, Errors: 0, Skipped: 0, Time elapsed: 2.288 sec
Running org.apache.ibatis.submitted.quotedcolumnnames.QuotedColumnNamesTest
Tests run: 2, Failures: 0, Errors: 0, Skipped: 0, Time elapsed: 1.486 sec
Running org.apache.ibatis.submitted.cacheorder.CacheOrderTest
Tests run: 1, Failures: 0, Errors: 0, Skipped: 0, Time elapsed: 1.458 sec
Running org.apache.ibatis.submitted.initialized_collection_property.AuthorDAOTest
Tests run: 2, Failures: 0, Errors: 0, Skipped: 1, Time elapsed: 1.537 sec
Running org.apache.ibatis.submitted.refid_resolution.ExternalRefidResolutionTest
Tests run: 1, Failures: 0, Errors: 0, Skipped: 0, Time elapsed: 0.701 sec
Running org.apache.ibatis.submitted.refid_resolution.RefidResolutionTest
Tests run: 1, Failures: 0, Errors: 0, Skipped: 0, Time elapsed: 0.593 sec
Running org.apache.ibatis.submitted.nestedresulthandler.NestedResultHandlerTest
Tests run: 4, Failures: 0, Errors: 0, Skipped: 0, Time elapsed: 1.573 sec
Running org.apache.ibatis.submitted.ognl_enum.EnumWithOgnlTest
Tests run: 5, Failures: 0, Errors: 0, Skipped: 0, Time elapsed: 1.575 sec
Running org.apache.ibatis.submitted.extends_with_constructor.NpeExtendsTest
Tests run: 4, Failures: 0, Errors: 0, Skipped: 0, Time elapsed: 1.984 sec
Running org.apache.ibatis.submitted.ognlstatic.OgnlStaticTest
Tests run: 1, Failures: 0, Errors: 0, Skipped: 0, Time elapsed: 1.507 sec
Running org.apache.ibatis.submitted.parent_reference_3level.BlogTest
Tests run: 2, Failures: 0, Errors: 0, Skipped: 0, Time elapsed: 1.663 sec
Running org.apache.ibatis.submitted.primitive_result_type.PrimitiveResultTypeTest
Tests run: 2, Failures: 0, Errors: 0, Skipped: 0, Time elapsed: 1.446 sec
Running org.apache.ibatis.submitted.multiple_discriminator.MultipleDiscriminatorTest
Tests run: 3, Failures: 0, Errors: 0, Skipped: 0, Time elapsed: 1.563 sec
Running org.apache.ibatis.submitted.sptests.SPTest
Tests run: 26, Failures: 0, Errors: 0, Skipped: 0, Time elapsed: 1.881 sec
Running org.apache.ibatis.submitted.multidb.MultiDbTest
Tests run: 6, Failures: 0, Errors: 0, Skipped: 0, Time elapsed: 1.728 sec
Running org.apache.ibatis.submitted.multidb.ProviderTest
Tests run: 2, Failures: 0, Errors: 0, Skipped: 0, Time elapsed: 1.531 sec
Running org.apache.ibatis.submitted.stringlist.StringListTest
Tests run: 1, Failures: 0, Errors: 0, Skipped: 0, Time elapsed: 1.585 sec
Running org.apache.ibatis.submitted.overwritingproperties.FooMapperTest
Tests run: 1, Failures: 0, Errors: 0, Skipped: 0, Time elapsed: 1.624 sec
Running org.apache.ibatis.submitted.permissions.PermissionsTest
Tests run: 1, Failures: 0, Errors: 0, Skipped: 0, Time elapsed: 1.671 sec
Running org.apache.ibatis.submitted.generictypes.GenericTypesTest
Tests run: 1, Failures: 0, Errors: 0, Skipped: 0, Time elapsed: 1.43 sec
Running org.apache.ibatis.submitted.lazyload_proxyfactory_comparison.DefaultLazyTest
Tests run: 6, Failures: 0, Errors: 0, Skipped: 0, Time elapsed: 2.699 sec
Running org.apache.ibatis.submitted.lazyload_proxyfactory_comparison.JavassistLazyTest
Tests run: 1, Failures: 0, Errors: 0, Skipped: 1, Time elapsed: 0.092 sec
Running org.apache.ibatis.submitted.lazyload_proxyfactory_comparison.CglibLazyTest
Tests run: 6, Failures: 0, Errors: 0, Skipped: 0, Time elapsed: 2.689 sec
Running org.apache.ibatis.submitted.substitution_in_annots.SubstitutionInAnnotsTest
Tests run: 4, Failures: 0, Errors: 0, Skipped: 0, Time elapsed: 1.399 sec
Running org.apache.ibatis.submitted.call_setters_on_nulls.DoNotCallSettersOnNullsTest
Tests run: 3, Failures: 0, Errors: 0, Skipped: 0, Time elapsed: 1.463 sec
Running org.apache.ibatis.submitted.call_setters_on_nulls.CallSettersOnNullsTest
Tests run: 3, Failures: 0, Errors: 0, Skipped: 0, Time elapsed: 1.418 sec
Running org.apache.ibatis.submitted.duplicate_statements.DuplicateStatementsTest
Tests run: 5, Failures: 0, Errors: 0, Skipped: 2, Time elapsed: 1.669 sec
Running org.apache.ibatis.submitted.map_class_name_conflict.test.MapperNameTest
Tests run: 1, Failures: 0, Errors: 0, Skipped: 0, Time elapsed: 0.726 sec
Running org.apache.ibatis.submitted.parametrizedlist.ParametrizedListTest
Tests run: 4, Failures: 0, Errors: 0, Skipped: 0, Time elapsed: 1.519 sec
Running org.apache.ibatis.submitted.propertiesinmapperfiles.PropertiesInMappersTest
Tests run: 1, Failures: 0, Errors: 0, Skipped: 0, Time elapsed: 1.331 sec
Running org.apache.ibatis.submitted.batch_keys.BatchKeysTest
Tests run: 2, Failures: 0, Errors: 0, Skipped: 0, Time elapsed: 1.486 sec
Running org.apache.ibatis.submitted.typehandler.TypeHandlerTest
Tests run: 1, Failures: 0, Errors: 0, Skipped: 0, Time elapsed: 1.304 sec
Running org.apache.ibatis.submitted.lazy_immutable.ImmutablePOJOTest
Tests run: 1, Failures: 0, Errors: 0, Skipped: 0, Time elapsed: 1.549 sec
Running org.apache.ibatis.submitted.complex_column.ComplexColumnTest
Tests run: 5, Failures: 0, Errors: 0, Skipped: 0, Time elapsed: 1.454 sec
Running org.apache.ibatis.submitted.automatic_lazy_loading.AutomaticLazyLoadingTest
Tests run: 6, Failures: 0, Errors: 0, Skipped: 0, Time elapsed: 2.792 sec
Running org.apache.ibatis.submitted.unknownobject.UnknownObjectTest
Tests run: 1, Failures: 0, Errors: 0, Skipped: 0, Time elapsed: 0.526 sec
Running org.apache.ibatis.submitted.multiple_resultsets.MultipleResultTest
Tests run: 2, Failures: 0, Errors: 2, Skipped: 0, Time elapsed: 0.942 sec <<< FAILURE!
shouldGetAGraphOutOfMultipleRsWithFKs(org.apache.ibatis.submitted.multiple_resultsets.MultipleResultTest)  Time elapsed: 0.157 sec  <<< ERROR!
org.apache.ibatis.exceptions.PersistenceException:
### Error querying database.  Cause: org.postgresql.util.PSQLException: FATAL: database "mbtest" does not exist
### The error may exist in org/apache/ibatis/submitted/multiple_resultsets/Mapper.xml
### The error may involve org.apache.ibatis.submitted.multiple_resultsets.Mapper.getOrders
### The error occurred while executing a query
### Cause: org.postgresql.util.PSQLException: FATAL: database "mbtest" does not exist
	at org.postgresql.core.v3.ConnectionFactoryImpl.readStartupMessages(ConnectionFactoryImpl.java:471)
	at org.postgresql.core.v3.ConnectionFactoryImpl.openConnectionImpl(ConnectionFactoryImpl.java:112)
	at org.postgresql.core.ConnectionFactory.openConnection(ConnectionFactory.java:66)
	at org.postgresql.jdbc2.AbstractJdbc2Connection.<init>(AbstractJdbc2Connection.java:125)
	at org.postgresql.jdbc3.AbstractJdbc3Connection.<init>(AbstractJdbc3Connection.java:30)
	at org.postgresql.jdbc3.Jdbc3Connection.<init>(Jdbc3Connection.java:24)
	at org.postgresql.Driver.makeConnection(Driver.java:393)
	at org.postgresql.Driver.connect(Driver.java:267)
	at java.sql.DriverManager.getConnection(DriverManager.java:579)
	at java.sql.DriverManager.getConnection(DriverManager.java:190)
	at org.apache.ibatis.datasource.unpooled.UnpooledDataSource.doGetConnection(UnpooledDataSource.java:180)
	at org.apache.ibatis.datasource.unpooled.UnpooledDataSource.doGetConnection(UnpooledDataSource.java:175)
	at org.apache.ibatis.datasource.unpooled.UnpooledDataSource.getConnection(UnpooledDataSource.java:79)
	at org.apache.ibatis.transaction.jdbc.JdbcTransaction.openConnection(JdbcTransaction.java:131)
	at org.apache.ibatis.transaction.jdbc.JdbcTransaction.getConnection(JdbcTransaction.java:58)
	at org.apache.ibatis.executor.BaseExecutor.getConnection(BaseExecutor.java:271)
	at org.apache.ibatis.executor.SimpleExecutor.prepareStatement(SimpleExecutor.java:69)
	at org.apache.ibatis.executor.SimpleExecutor.doQuery(SimpleExecutor.java:56)
	at org.apache.ibatis.executor.BaseExecutor.queryFromDatabase(BaseExecutor.java:259)
	at org.apache.ibatis.executor.BaseExecutor.query(BaseExecutor.java:132)
	at org.apache.ibatis.executor.CachingExecutor.query(CachingExecutor.java:105)
	at org.apache.ibatis.executor.CachingExecutor.query(CachingExecutor.java:81)
	at org.apache.ibatis.session.defaults.DefaultSqlSession.selectList(DefaultSqlSession.java:104)
	at org.apache.ibatis.session.defaults.DefaultSqlSession.selectList(DefaultSqlSession.java:98)
	at org.apache.ibatis.binding.MapperMethod.executeForMany(MapperMethod.java:114)
	at org.apache.ibatis.binding.MapperMethod.execute(MapperMethod.java:58)
	at org.apache.ibatis.binding.MapperProxy.invoke(MapperProxy.java:43)
	at sun.proxy.$Proxy5.getOrders(Unknown Source)
	at org.apache.ibatis.submitted.multiple_resultsets.MultipleResultTest.shouldGetAGraphOutOfMultipleRsWithFKs(MultipleResultTest.java:75)

shouldGetAGraphOutOfMultipleRsWithNoFKs(org.apache.ibatis.submitted.multiple_resultsets.MultipleResultTest)  Time elapsed: 0.014 sec  <<< ERROR!
org.apache.ibatis.exceptions.PersistenceException:
### Error querying database.  Cause: org.postgresql.util.PSQLException: FATAL: database "mbtest" does not exist
### The error may exist in org/apache/ibatis/submitted/multiple_resultsets/Mapper.xml
### The error may involve org.apache.ibatis.submitted.multiple_resultsets.Mapper.getOrder
### The error occurred while executing a query
### Cause: org.postgresql.util.PSQLException: FATAL: database "mbtest" does not exist
	at org.postgresql.core.v3.ConnectionFactoryImpl.readStartupMessages(ConnectionFactoryImpl.java:471)
	at org.postgresql.core.v3.ConnectionFactoryImpl.openConnectionImpl(ConnectionFactoryImpl.java:112)
	at org.postgresql.core.ConnectionFactory.openConnection(ConnectionFactory.java:66)
	at org.postgresql.jdbc2.AbstractJdbc2Connection.<init>(AbstractJdbc2Connection.java:125)
	at org.postgresql.jdbc3.AbstractJdbc3Connection.<init>(AbstractJdbc3Connection.java:30)
	at org.postgresql.jdbc3.Jdbc3Connection.<init>(Jdbc3Connection.java:24)
	at org.postgresql.Driver.makeConnection(Driver.java:393)
	at org.postgresql.Driver.connect(Driver.java:267)
	at java.sql.DriverManager.getConnection(DriverManager.java:579)
	at java.sql.DriverManager.getConnection(DriverManager.java:190)
	at org.apache.ibatis.datasource.unpooled.UnpooledDataSource.doGetConnection(UnpooledDataSource.java:180)
	at org.apache.ibatis.datasource.unpooled.UnpooledDataSource.doGetConnection(UnpooledDataSource.java:175)
	at org.apache.ibatis.datasource.unpooled.UnpooledDataSource.getConnection(UnpooledDataSource.java:79)
	at org.apache.ibatis.transaction.jdbc.JdbcTransaction.openConnection(JdbcTransaction.java:131)
	at org.apache.ibatis.transaction.jdbc.JdbcTransaction.getConnection(JdbcTransaction.java:58)
	at org.apache.ibatis.executor.BaseExecutor.getConnection(BaseExecutor.java:271)
	at org.apache.ibatis.executor.SimpleExecutor.prepareStatement(SimpleExecutor.java:69)
	at org.apache.ibatis.executor.SimpleExecutor.doQuery(SimpleExecutor.java:56)
	at org.apache.ibatis.executor.BaseExecutor.queryFromDatabase(BaseExecutor.java:259)
	at org.apache.ibatis.executor.BaseExecutor.query(BaseExecutor.java:132)
	at org.apache.ibatis.executor.CachingExecutor.query(CachingExecutor.java:105)
	at org.apache.ibatis.executor.CachingExecutor.query(CachingExecutor.java:81)
	at org.apache.ibatis.session.defaults.DefaultSqlSession.selectList(DefaultSqlSession.java:104)
	at org.apache.ibatis.session.defaults.DefaultSqlSession.selectList(DefaultSqlSession.java:98)
	at org.apache.ibatis.session.defaults.DefaultSqlSession.selectOne(DefaultSqlSession.java:62)
	at org.apache.ibatis.binding.MapperMethod.execute(MapperMethod.java:63)
	at org.apache.ibatis.binding.MapperProxy.invoke(MapperProxy.java:43)
	at sun.proxy.$Proxy5.getOrder(Unknown Source)
	at org.apache.ibatis.submitted.multiple_resultsets.MultipleResultTest.shouldGetAGraphOutOfMultipleRsWithNoFKs(MultipleResultTest.java:60)

Running org.apache.ibatis.submitted.includes.IncludeTest
Tests run: 1, Failures: 0, Errors: 0, Skipped: 0, Time elapsed: 0.589 sec
Running org.apache.ibatis.submitted.associationtest.AssociationTest
Tests run: 3, Failures: 0, Errors: 0, Skipped: 0, Time elapsed: 1.319 sec
Running org.apache.ibatis.submitted.rounding.RoundingHandlersTest
Tests run: 2, Failures: 0, Errors: 0, Skipped: 0, Time elapsed: 1.435 sec
Running org.apache.ibatis.submitted.missing_id_property.MissingIdPropertyTest
Tests run: 1, Failures: 0, Errors: 0, Skipped: 0, Time elapsed: 1.484 sec
Running org.apache.ibatis.submitted.keycolumn.InsertTest
Tests run: 1, Failures: 0, Errors: 0, Skipped: 1, Time elapsed: 0.076 sec
Running org.apache.ibatis.submitted.inheritance.InheritanceTest
Tests run: 1, Failures: 0, Errors: 0, Skipped: 0, Time elapsed: 1.354 sec
Running org.apache.ibatis.submitted.integer_enum.IntegerEnumTest
Tests run: 1, Failures: 0, Errors: 0, Skipped: 0, Time elapsed: 1.313 sec
Running org.apache.ibatis.submitted.flush_statement_npe.FlushStatementNpeTest
Tests run: 3, Failures: 0, Errors: 0, Skipped: 0, Time elapsed: 1.343 sec
Running org.apache.ibatis.submitted.dynsql.DynSqlTest
Tests run: 5, Failures: 0, Errors: 0, Skipped: 0, Time elapsed: 1.475 sec
Running org.apache.ibatis.submitted.cache.CacheTest
Tests run: 3, Failures: 0, Errors: 0, Skipped: 0, Time elapsed: 1.659 sec
Running org.apache.ibatis.submitted.inline_association_with_dot.InlineCollectionWithDotTest
Tests run: 2, Failures: 0, Errors: 0, Skipped: 0, Time elapsed: 1.718 sec
Running org.apache.ibatis.submitted.result_handler_type.DefaultResultHandlerTypeTest
Tests run: 3, Failures: 0, Errors: 0, Skipped: 0, Time elapsed: 1.707 sec
Running org.apache.ibatis.submitted.not_null_column.NotNullColumnTest
Tests run: 8, Failures: 0, Errors: 0, Skipped: 0, Time elapsed: 1.757 sec
Running org.apache.ibatis.submitted.basetest.BaseTest
Tests run: 2, Failures: 0, Errors: 0, Skipped: 0, Time elapsed: 1.413 sec
Running org.apache.ibatis.submitted.blobtest.BlobTest
Tests run: 2, Failures: 0, Errors: 0, Skipped: 0, Time elapsed: 1.425 sec
Running org.apache.ibatis.submitted.duplicate_resource_loaded.DuplicateResourceTest
Tests run: 1, Failures: 0, Errors: 0, Skipped: 0, Time elapsed: 3.508 sec
Running org.apache.ibatis.submitted.selectkey.SelectKeyTest
Tests run: 9, Failures: 0, Errors: 0, Skipped: 0, Time elapsed: 2.755 sec
Running org.apache.ibatis.submitted.xml_external_ref.ShortNameTest
Tests run: 2, Failures: 0, Errors: 0, Skipped: 0, Time elapsed: 0.992 sec
Running org.apache.ibatis.submitted.xml_external_ref.ResultMapReferenceTest
Tests run: 2, Failures: 0, Errors: 0, Skipped: 0, Time elapsed: 1.599 sec
Running org.apache.ibatis.submitted.xml_external_ref.NonFullyQualifiedNamespaceTest
Tests run: 1, Failures: 0, Errors: 0, Skipped: 0, Time elapsed: 1.556 sec
Running org.apache.ibatis.submitted.xml_external_ref.MultipleCrossIncludeTest
Tests run: 3, Failures: 0, Errors: 0, Skipped: 0, Time elapsed: 1.838 sec
Running org.apache.ibatis.submitted.xml_external_ref.MultipleIncludeTest
Tests run: 2, Failures: 0, Errors: 0, Skipped: 0, Time elapsed: 1.476 sec
Running org.apache.ibatis.submitted.xml_external_ref.MultipleReverseIncludeTest
Tests run: 2, Failures: 0, Errors: 0, Skipped: 0, Time elapsed: 1.576 sec
Running org.apache.ibatis.submitted.xml_external_ref.ParameterMapReferenceTest
Tests run: 2, Failures: 0, Errors: 0, Skipped: 0, Time elapsed: 1.597 sec
Running org.apache.ibatis.submitted.xml_external_ref.SameIdTest
Tests run: 2, Failures: 0, Errors: 0, Skipped: 0, Time elapsed: 1.709 sec
Running org.apache.ibatis.submitted.xml_external_ref.ResultMapExtendsTest
Tests run: 2, Failures: 0, Errors: 0, Skipped: 0, Time elapsed: 1.585 sec
Running org.apache.ibatis.submitted.xml_external_ref.ReverseIncludeTest
Tests run: 2, Failures: 0, Errors: 0, Skipped: 0, Time elapsed: 1.533 sec
Running org.apache.ibatis.submitted.xml_external_ref.XmlExternalRefTest
Tests run: 5, Failures: 0, Errors: 0, Skipped: 0, Time elapsed: 2.042 sec
Running org.apache.ibatis.submitted.associationtype.AssociationTypeTest
Tests run: 1, Failures: 0, Errors: 0, Skipped: 0, Time elapsed: 1.418 sec
Running org.apache.ibatis.submitted.column_forwarding.ColumnForwardingTest
Tests run: 2, Failures: 0, Errors: 0, Skipped: 0, Time elapsed: 1.437 sec
Running org.apache.ibatis.submitted.serializecircular.SerializeCircularTest
Tests run: 4, Failures: 0, Errors: 0, Skipped: 0, Time elapsed: 2.69 sec
Running org.apache.ibatis.submitted.extendresultmap.ExtendResultMapTest
Tests run: 1, Failures: 0, Errors: 0, Skipped: 0, Time elapsed: 1.444 sec
Running org.apache.ibatis.submitted.extend.ExtendTest
Tests run: 1, Failures: 0, Errors: 0, Skipped: 0, Time elapsed: 1.472 sec
Running com.ibatis.jpetstore.domain.BeanTest
Tests run: 1, Failures: 0, Errors: 0, Skipped: 0, Time elapsed: 0.153 sec
Running com.ibatis.jpetstore.persistence.SequenceDaoTest
Tests run: 2, Failures: 0, Errors: 0, Skipped: 0, Time elapsed: 2.074 sec
Running com.ibatis.jpetstore.persistence.DaoManagerTest
Tests run: 1, Failures: 0, Errors: 0, Skipped: 0, Time elapsed: 1.682 sec
Running com.ibatis.jpetstore.persistence.AccountDaoTest
Tests run: 5, Failures: 0, Errors: 0, Skipped: 0, Time elapsed: 2.034 sec
Running com.ibatis.jpetstore.persistence.ItemDaoTest
Tests run: 6, Failures: 0, Errors: 0, Skipped: 0, Time elapsed: 2.112 sec
Running com.ibatis.jpetstore.persistence.BasePersistenceTest
Tests run: 1, Failures: 0, Errors: 0, Skipped: 0, Time elapsed: 1.914 sec
Running com.ibatis.jpetstore.persistence.ProductDaoTest
Tests run: 4, Failures: 0, Errors: 0, Skipped: 0, Time elapsed: 2.01 sec
Running com.ibatis.jpetstore.persistence.CategoryDaoTest
Tests run: 3, Failures: 0, Errors: 0, Skipped: 0, Time elapsed: 2.19 sec
Running com.ibatis.jpetstore.persistence.OrderDaoTest
Tests run: 3, Failures: 0, Errors: 0, Skipped: 0, Time elapsed: 2.018 sec
Running com.ibatis.sqlmap.RepeatingGroupMappingTest
Tests run: 6, Failures: 0, Errors: 0, Skipped: 0, Time elapsed: 4.393 sec
Running com.ibatis.sqlmap.ResultObjectFactoryTest
Tests run: 2, Failures: 0, Errors: 0, Skipped: 0, Time elapsed: 1.662 sec
Running com.ibatis.sqlmap.engine.cache.CacheKeyTest
Tests run: 1, Failures: 0, Errors: 0, Skipped: 0, Time elapsed: 0.11 sec
Running com.ibatis.sqlmap.NestedIterateTest
Tests run: 32, Failures: 0, Errors: 0, Skipped: 0, Time elapsed: 9.049 sec
Running com.ibatis.sqlmap.IterateTest
Tests run: 14, Failures: 0, Errors: 0, Skipped: 0, Time elapsed: 5.198 sec
Running com.ibatis.sqlmap.PrivateMethodAccessTest
Tests run: 2, Failures: 0, Errors: 0, Skipped: 0, Time elapsed: 2.569 sec
Running com.ibatis.sqlmap.DynamicTest
Tests run: 24, Failures: 0, Errors: 0, Skipped: 0, Time elapsed: 6.145 sec
Running com.ibatis.sqlmap.BaseSqlMapTest
Tests run: 1, Failures: 0, Errors: 0, Skipped: 0, Time elapsed: 0.111 sec
Running com.ibatis.sqlmap.CacheStatementTest
Tests run: 14, Failures: 0, Errors: 0, Skipped: 0, Time elapsed: 5.365 sec
Running com.ibatis.sqlmap.ResultMapTest
Tests run: 16, Failures: 0, Errors: 0, Skipped: 0, Time elapsed: 5.578 sec
Running com.ibatis.sqlmap.DirectFieldMappingTest
Tests run: 3, Failures: 0, Errors: 0, Skipped: 0, Time elapsed: 2.724 sec
Running com.ibatis.sqlmap.TransactionTest
Tests run: 9, Failures: 0, Errors: 0, Skipped: 0, Time elapsed: 4.332 sec
Running com.ibatis.sqlmap.DynamicPrependTest
Tests run: 15, Failures: 0, Errors: 0, Skipped: 0, Time elapsed: 5.424 sec
Running com.ibatis.sqlmap.BatchTest
Tests run: 4, Failures: 0, Errors: 0, Skipped: 0, Time elapsed: 3.363 sec
Running com.ibatis.sqlmap.StatementTest
Tests run: 40, Failures: 0, Errors: 0, Skipped: 0, Time elapsed: 8.25 sec
Running com.ibatis.sqlmap.DiscriminatorTest
Tests run: 4, Failures: 0, Errors: 0, Skipped: 0, Time elapsed: 3.374 sec
Running com.ibatis.sqlmap.MultiResultSetTest
Tests run: 4, Failures: 0, Errors: 0, Skipped: 0, Time elapsed: 5.776 sec
Running com.ibatis.sqlmap.ParameterMapTest
Tests run: 5, Failures: 0, Errors: 0, Skipped: 0, Time elapsed: 3.477 sec
Running com.ibatis.sqlmap.ComplexTypeTest
Tests run: 2, Failures: 0, Errors: 0, Skipped: 0, Time elapsed: 2.509 sec
Running com.ibatis.common.util.PaginatedArrayListTest
Tests run: 3, Failures: 0, Errors: 0, Skipped: 0, Time elapsed: 0.1 sec
Running com.ibatis.common.util.NodeletParserTest
Tests run: 1, Failures: 0, Errors: 0, Skipped: 0, Time elapsed: 0.201 sec
Running com.ibatis.common.resources.ResourcesTest
Tests run: 17, Failures: 0, Errors: 0, Skipped: 0, Time elapsed: 0.144 sec
Running com.submitted.resultmap.PeerListResultTest
Tests run: 1, Failures: 0, Errors: 0, Skipped: 0, Time elapsed: 1.269 sec

Results :

Tests in error:
  MultipleResultTest.shouldGetAGraphOutOfMultipleRsWithFKs:75 Â» Persistence
###...
  MultipleResultTest.shouldGetAGraphOutOfMultipleRsWithNoFKs:60 Â» Persistence
#...

Tests run: 1119, Failures: 0, Errors: 2, Skipped: 8

[INFO] ------------------------------------------------------------------------
[INFO] BUILD FAILURE
[INFO] ------------------------------------------------------------------------
[INFO] Total time: 9:12.972s
[INFO] Finished at: Mon Apr 08 10:23:21 UTC 2013
[INFO] Final Memory: 15M/193M
[INFO] ------------------------------------------------------------------------
[ERROR] Failed to execute goal org.apache.maven.plugins:maven-surefire-plugin:2.13:test (default-test) on project mybatis: There are test failures.
[ERROR]
[ERROR] Please refer to /home/travis/build/mybatis/mybatis-3/target/surefire-reports for the individual test results.
[ERROR] -> [Help 1]
[ERROR]
[ERROR] To see the full stack trace of the errors, re-run Maven with the -e switch.
[ERROR] Re-run Maven using the -X switch to enable full debug logging.
[ERROR]
[ERROR] For more information about the errors and possible solutions, please read the following articles:
[ERROR] [Help 1] http://cwiki.apache.org/confluence/display/MAVEN/MojoFailureException

The command "mvn test" exited with 1.

Done. Your build exited with 1.
